\list 
(1)RYGB
(2)Band
(3)BPD-DS
(4)SADI-S 
relative treatment effect
causal forest with random forest

Death
[[1.5333216214329404, array([1.17805899, 1.99571942])], [2.019189382900566, array([1.49002715, 2.73627615])], [4.164905499693811, array([3.15116582, 5.50476833])], [5.071376313297932, array([3.88873227, 6.61368692])]]

intervention
[[2.6902076743586294, array([2.61014892, 2.772722  ])], [1.0781336141432443, array([1.03264046, 1.12563098])], [3.4774805819475905, array([3.35746697, 3.60178412])], [3.8206220882076884, array([3.6920345 , 3.95368818])]]

readmission
[[1.8886585436646928, array([1.85771236, 1.92012024])], [0.9602829239080624, array([0.93854407, 0.9825253 ])], [2.537117530041334, array([2.48991379, 2.58521616])], [2.002697664092745, array([1.96442321, 2.04171785])]]

reoperation
[[2.493366955044311, array([2.41837904, 2.57068006])], [1.3289686683311766, array([1.27543969, 1.38474421])], [4.266400504510915, array([4.12220824, 4.41563652])], [3.621539305445082, array([3.49880673, 3.74857715])]]

causal forest with lightgbm

Death
[[1.8758520968132515, array([1.43812379, 2.44681376])], [0.9919113416870289, array([0.69726878, 1.41106003])], [2.089135119635, array([1.54426401, 2.82625607])], [2.8106505827460952, array([2.11518527, 3.73478239])]]

intervention
[[2.7922826169780106, array([2.70866494, 2.87848161])], [0.9106724070348319, array([0.870632  , 0.95255428])], [3.0000898267863643, array([2.8948006 , 3.10920862])], [3.437498735704396, array([3.32054369, 3.55857313])]]

readmission
[[1.921856966635525, array([1.89024805, 1.95399445])], [0.7175906213486779, array([0.69999357, 0.73563004])], [2.223747769776291, array([2.18153705, 2.26677523])], [1.7858209298292993, array([1.75096007, 1.82137586])]]

reoperation
[[2.608141506598951, array([2.5291145 , 2.68963786])], [1.1099571189394302, array([1.06342697, 1.15852319])], [4.156412738904957, array([4.01523533, 4.30255401])], [3.5822440474318267, array([3.4605939 , 3.70817055])]]

causal forest with xgboost

Death
[[2.1101896834138927, array([1.61966403, 2.74927418])], [-1.0613804784155803, array([nan, nan])], [3.487060020814453, array([2.62746497, 4.6278781 ])], [2.7148274795758796, array([2.04651901, 3.60137785])]]

intervention
[[2.802828095778664, array([2.71890896, 2.8893374 ])], [0.9787729842198453, array([0.93649937, 1.02295483])], [3.036595156810527, array([2.93013164, 3.14692692])], [3.52700350235775, array([3.40745177, 3.65074975])]]

readmission
[[1.9258755074918381, array([1.89422837, 1.95805138])], [0.7311669659312906, array([0.71333395, 0.74944579])], [2.342027977654974, array([2.29793044, 2.38697175])], [1.7148778621410257, array([1.68118773, 1.74924312])]]

reoperation
[[2.5747338543749625, array([2.49685779, 2.65503884])], [1.0992130111973406, array([1.05302693, 1.14742483])], [3.886211926862222, array([3.75355735, 4.02355465])], [3.6024819488684754, array([3.48017367, 3.72908867])]]
