\list 
(1)RYGB
(2)Band
(3)BPD-DS
(4)SADI-S 
relative treatment effect

readmission
DragonNet
epoch: 0--------- train_loss: 0.28935497999191284
epoch: 1--------- train_loss: 0.23989564180374146
epoch: 2--------- train_loss: 0.2031492292881012
epoch: 3--------- train_loss: 0.1915755718946457
epoch: 4--------- train_loss: 0.18712806701660156
epoch: 5--------- train_loss: 0.18443141877651215
epoch: 6--------- train_loss: 0.1821247786283493
epoch: 7--------- train_loss: 0.1796843558549881
epoch: 8--------- train_loss: 0.1769212931394577
epoch: 9--------- train_loss: 0.17444971203804016
epoch: 10--------- train_loss: 0.1722363382577896
epoch: 11--------- train_loss: 0.16998472809791565
epoch: 12--------- train_loss: 0.1682923436164856
epoch: 13--------- train_loss: 0.16604042053222656
epoch: 14--------- train_loss: 0.1644374430179596
epoch: 15--------- train_loss: 0.163177028298378
epoch: 16--------- train_loss: 0.1613377034664154
epoch: 17--------- train_loss: 0.15983667969703674
epoch: 18--------- train_loss: 0.15879304707050323
epoch: 19--------- train_loss: 0.15759411454200745
epoch: 20--------- train_loss: 0.15643271803855896
epoch: 21--------- train_loss: 0.15582141280174255
epoch: 22--------- train_loss: 0.15511362254619598
epoch: 23--------- train_loss: 0.1544497311115265
epoch: 24--------- train_loss: 0.15350864827632904
epoch: 25--------- train_loss: 0.15272128582000732
epoch: 26--------- train_loss: 0.1521698236465454
epoch: 27--------- train_loss: 0.15108461678028107
epoch: 28--------- train_loss: 0.15036781132221222
epoch: 29--------- train_loss: 0.14968746900558472
epoch: 30--------- train_loss: 0.14894941449165344
epoch: 31--------- train_loss: 0.14806728065013885
epoch: 32--------- train_loss: 0.14767223596572876
epoch: 33--------- train_loss: 0.14703220129013062
epoch: 34--------- train_loss: 0.14698141813278198
epoch: 35--------- train_loss: 0.14653165638446808
epoch: 36--------- train_loss: 0.14622186124324799
epoch: 37--------- train_loss: 0.1461278349161148
epoch: 38--------- train_loss: 0.14561288058757782
epoch: 39--------- train_loss: 0.14574328064918518
epoch: 40--------- train_loss: 0.14534611999988556
epoch: 41--------- train_loss: 0.14534834027290344
epoch: 42--------- train_loss: 0.14515739679336548
epoch: 43--------- train_loss: 0.1447172611951828
epoch: 44--------- train_loss: 0.14466235041618347
epoch: 45--------- train_loss: 0.14476068317890167
epoch: 46--------- train_loss: 0.1446412354707718
epoch: 47--------- train_loss: 0.1447855681180954
epoch: 48--------- train_loss: 0.14485375583171844
epoch: 49--------- train_loss: 0.14530491828918457
epoch: 50--------- train_loss: 0.1451428234577179
epoch: 51--------- train_loss: 0.1450241059064865
epoch: 52--------- train_loss: 0.14475415647029877
epoch: 53--------- train_loss: 0.14512190222740173
epoch: 54--------- train_loss: 0.14503365755081177
epoch: 55--------- train_loss: 0.14501315355300903
epoch: 56--------- train_loss: 0.14513246715068817
epoch: 57--------- train_loss: 0.14564678072929382
epoch: 58--------- train_loss: 0.1456313282251358
epoch: 59--------- train_loss: 0.14542876183986664
epoch: 60--------- train_loss: 0.14543887972831726
epoch: 61--------- train_loss: 0.1454952508211136
epoch: 62--------- train_loss: 0.14537449181079865
epoch: 63--------- train_loss: 0.14545096457004547
epoch: 64--------- train_loss: 0.1454978883266449
epoch: 65--------- train_loss: 0.14552552998065948
epoch: 66--------- train_loss: 0.14491713047027588
epoch: 67--------- train_loss: 0.14550276100635529
epoch: 68--------- train_loss: 0.14551056921482086
epoch: 69--------- train_loss: 0.14538389444351196
epoch: 70--------- train_loss: 0.1451672613620758
epoch: 71--------- train_loss: 0.14502565562725067
epoch: 72--------- train_loss: 0.1444859504699707
epoch: 73--------- train_loss: 0.14428266882896423
epoch: 74--------- train_loss: 0.1439504772424698
epoch: 75--------- train_loss: 0.14410953223705292
epoch: 76--------- train_loss: 0.144161656498909
epoch: 77--------- train_loss: 0.14416195452213287
epoch: 78--------- train_loss: 0.1438552290201187
epoch: 79--------- train_loss: 0.14454860985279083
epoch: 80--------- train_loss: 0.14447548985481262
epoch: 81--------- train_loss: 0.14435331523418427
epoch: 82--------- train_loss: 0.1446305364370346
epoch: 83--------- train_loss: 0.14450670778751373
epoch: 84--------- train_loss: 0.1447955220937729
epoch: 85--------- train_loss: 0.14434963464736938
epoch: 86--------- train_loss: 0.14458800852298737
epoch: 87--------- train_loss: 0.14495202898979187
epoch: 88--------- train_loss: 0.14475087821483612
epoch: 89--------- train_loss: 0.1447940468788147
epoch: 90--------- train_loss: 0.14462007582187653
epoch: 91--------- train_loss: 0.14434783160686493
epoch: 92--------- train_loss: 0.1441449373960495
epoch: 93--------- train_loss: 0.14361421763896942
epoch: 94--------- train_loss: 0.14331330358982086
epoch: 95--------- train_loss: 0.14346878230571747
epoch: 96--------- train_loss: 0.14292453229427338
epoch: 97--------- train_loss: 0.14256596565246582
epoch: 98--------- train_loss: 0.14300647377967834
epoch: 99--------- train_loss: 0.14255736768245697
epoch: 100--------- train_loss: 0.14220084249973297
epoch: 101--------- train_loss: 0.14233508706092834
epoch: 102--------- train_loss: 0.14240935444831848
epoch: 103--------- train_loss: 0.1423749327659607
epoch: 104--------- train_loss: 0.1424306333065033
epoch: 105--------- train_loss: 0.1421533077955246
epoch: 106--------- train_loss: 0.14263325929641724
epoch: 107--------- train_loss: 0.14283981919288635
epoch: 108--------- train_loss: 0.14282822608947754
epoch: 109--------- train_loss: 0.14300456643104553
epoch: 110--------- train_loss: 0.14300601184368134
epoch: 111--------- train_loss: 0.14299429953098297
epoch: 112--------- train_loss: 0.14288608729839325
epoch: 113--------- train_loss: 0.14333249628543854
epoch: 114--------- train_loss: 0.1436036080121994
epoch: 115--------- train_loss: 0.14348992705345154
epoch: 116--------- train_loss: 0.1429629772901535
epoch: 117--------- train_loss: 0.1435476690530777
epoch: 118--------- train_loss: 0.1438458114862442
epoch: 119--------- train_loss: 0.14376863837242126
epoch: 120--------- train_loss: 0.1437956690788269
epoch: 121--------- train_loss: 0.14383786916732788
epoch: 122--------- train_loss: 0.14320945739746094
epoch: 123--------- train_loss: 0.14404243230819702
epoch: 124--------- train_loss: 0.14372538030147552
epoch: 125--------- train_loss: 0.14319950342178345
epoch: 126--------- train_loss: 0.14311297237873077
epoch: 127--------- train_loss: 0.14372700452804565
epoch: 128--------- train_loss: 0.14296360313892365
epoch: 129--------- train_loss: 0.14341342449188232
epoch: 130--------- train_loss: 0.14344100654125214
epoch: 131--------- train_loss: 0.14250114560127258
epoch: 132--------- train_loss: 0.14330680668354034
epoch: 133--------- train_loss: 0.14265601336956024
epoch: 134--------- train_loss: 0.14306937158107758
epoch: 135--------- train_loss: 0.1428636908531189
epoch: 136--------- train_loss: 0.14264710247516632
epoch: 137--------- train_loss: 0.14214995503425598
epoch: 138--------- train_loss: 0.14222800731658936
epoch: 139--------- train_loss: 0.142769455909729
epoch: 140--------- train_loss: 0.1425132006406784
epoch: 141--------- train_loss: 0.14255447685718536
epoch: 142--------- train_loss: 0.14351589977741241
epoch: 143--------- train_loss: 0.1421571522951126
epoch: 144--------- train_loss: 0.14289838075637817
epoch: 145--------- train_loss: 0.14233601093292236
epoch: 146--------- train_loss: 0.14309994876384735
epoch: 147--------- train_loss: 0.1433190107345581
epoch: 148--------- train_loss: 0.14308185875415802
epoch: 149--------- train_loss: 0.14269568026065826
epoch: 150--------- train_loss: 0.143878772854805
epoch: 151--------- train_loss: 0.1427544504404068
epoch: 152--------- train_loss: 0.14226201176643372
epoch: 153--------- train_loss: 0.14299702644348145
epoch: 154--------- train_loss: 0.14280371367931366
epoch: 155--------- train_loss: 0.14312054216861725
epoch: 156--------- train_loss: 0.14259234070777893
epoch: 157--------- train_loss: 0.14260871708393097
epoch: 158--------- train_loss: 0.1432611048221588
epoch: 159--------- train_loss: 0.14328840374946594
epoch: 160--------- train_loss: 0.14259962737560272
epoch: 161--------- train_loss: 0.14284256100654602
epoch: 162--------- train_loss: 0.1427086591720581
epoch: 163--------- train_loss: 0.14301905035972595
epoch: 164--------- train_loss: 0.14406386017799377
epoch: 165--------- train_loss: 0.1431185007095337
epoch: 166--------- train_loss: 0.14320407807826996
epoch: 167--------- train_loss: 0.14327064156532288
epoch: 168--------- train_loss: 0.14299699664115906
epoch: 169--------- train_loss: 0.14256629347801208
epoch: 170--------- train_loss: 0.1427861899137497
epoch: 171--------- train_loss: 0.14354872703552246
epoch: 172--------- train_loss: 0.14361564815044403
epoch: 173--------- train_loss: 0.14223207533359528
epoch: 174--------- train_loss: 0.1432054042816162
epoch: 175--------- train_loss: 0.14355739951133728
epoch: 176--------- train_loss: 0.14358378946781158
epoch: 177--------- train_loss: 0.14352914690971375
epoch: 178--------- train_loss: 0.14384177327156067
epoch: 179--------- train_loss: 0.14150044322013855
epoch: 180--------- train_loss: 0.1428908407688141
epoch: 181--------- train_loss: 0.14314360916614532
epoch: 182--------- train_loss: 0.14317667484283447
epoch: 183--------- train_loss: 0.1433682143688202
epoch: 184--------- train_loss: 0.14331062138080597
epoch: 185--------- train_loss: 0.14177535474300385
epoch: 186--------- train_loss: 0.14189918339252472
epoch: 187--------- train_loss: 0.14241594076156616
epoch: 188--------- train_loss: 0.14216259121894836
epoch: 189--------- train_loss: 0.14165093004703522
epoch: 190--------- train_loss: 0.14279721677303314
epoch: 191--------- train_loss: 0.1418852061033249
epoch: 192--------- train_loss: 0.14209295809268951
epoch: 193--------- train_loss: 0.1420353353023529
epoch: 194--------- train_loss: 0.14232604205608368
epoch: 195--------- train_loss: 0.1423000991344452
epoch: 196--------- train_loss: 0.14214304089546204
epoch: 197--------- train_loss: 0.14132200181484222
epoch: 198--------- train_loss: 0.1427566409111023
epoch: 199--------- train_loss: 0.14154180884361267
epoch: 0--------- train_loss: 1.359670877456665
epoch: 1--------- train_loss: 0.893135130405426
epoch: 2--------- train_loss: 0.5625336766242981
epoch: 3--------- train_loss: 0.34212273359298706
epoch: 4--------- train_loss: 0.20401324331760406
epoch: 5--------- train_loss: 0.04798981174826622
epoch: 6--------- train_loss: 0.022127298638224602
epoch: 7--------- train_loss: 0.02195782959461212
epoch: 8--------- train_loss: 0.021876618266105652
epoch: 9--------- train_loss: 0.02209956757724285
epoch: 10--------- train_loss: 0.02177993394434452
epoch: 11--------- train_loss: 0.021643368527293205
epoch: 12--------- train_loss: 0.021455761045217514
epoch: 13--------- train_loss: 0.021311577409505844
epoch: 14--------- train_loss: 0.021101705729961395
epoch: 15--------- train_loss: 0.021096276119351387
epoch: 16--------- train_loss: 0.020894816145300865
epoch: 17--------- train_loss: 0.02080184407532215
epoch: 18--------- train_loss: 0.02065715566277504
epoch: 19--------- train_loss: 0.02063387632369995
epoch: 20--------- train_loss: 0.020614109933376312
epoch: 21--------- train_loss: 0.02051539532840252
epoch: 22--------- train_loss: 0.020585447549819946
epoch: 23--------- train_loss: 0.0205093901604414
epoch: 24--------- train_loss: 0.020434383302927017
epoch: 25--------- train_loss: 0.020592931658029556
epoch: 26--------- train_loss: 0.02047821320593357
epoch: 27--------- train_loss: 0.02038216032087803
epoch: 28--------- train_loss: 0.02042357623577118
epoch: 29--------- train_loss: 0.02039278671145439
epoch: 30--------- train_loss: 0.02030400186777115
epoch: 31--------- train_loss: 0.020265258848667145
epoch: 32--------- train_loss: 0.020120397210121155
epoch: 33--------- train_loss: 0.019983645528554916
epoch: 34--------- train_loss: 0.01977088674902916
epoch: 35--------- train_loss: 0.0198161993175745
epoch: 36--------- train_loss: 0.019737806171178818
epoch: 37--------- train_loss: 0.019636251032352448
epoch: 38--------- train_loss: 0.019618509337306023
epoch: 39--------- train_loss: 0.019569357857108116
epoch: 40--------- train_loss: 0.019409114494919777
epoch: 41--------- train_loss: 0.01944098062813282
epoch: 42--------- train_loss: 0.019407037645578384
epoch: 43--------- train_loss: 0.01925298012793064
epoch: 44--------- train_loss: 0.01923541910946369
epoch: 45--------- train_loss: 0.019193485379219055
epoch: 46--------- train_loss: 0.01917518489062786
epoch: 47--------- train_loss: 0.019146595150232315
epoch: 48--------- train_loss: 0.019114894792437553
epoch: 49--------- train_loss: 0.01896977610886097
epoch: 50--------- train_loss: 0.018907947465777397
epoch: 51--------- train_loss: 0.018987521529197693
epoch: 52--------- train_loss: 0.018880119547247887
epoch: 53--------- train_loss: 0.018881868571043015
epoch: 54--------- train_loss: 0.018940843641757965
epoch: 55--------- train_loss: 0.01890995353460312
epoch: 56--------- train_loss: 0.01891339384019375
epoch: 57--------- train_loss: 0.018932553008198738
epoch: 58--------- train_loss: 0.0188785158097744
epoch: 59--------- train_loss: 0.018908094614744186
epoch: 60--------- train_loss: 0.018877940252423286
epoch: 61--------- train_loss: 0.018842609599232674
epoch: 62--------- train_loss: 0.018868977203965187
epoch: 63--------- train_loss: 0.01892504096031189
epoch: 64--------- train_loss: 0.018991779536008835
epoch: 65--------- train_loss: 0.019067654386162758
epoch: 66--------- train_loss: 0.019059477373957634
epoch: 67--------- train_loss: 0.019078025594353676
epoch: 68--------- train_loss: 0.019092794507741928
epoch: 69--------- train_loss: 0.019091175869107246
epoch: 70--------- train_loss: 0.019112328067421913
epoch: 71--------- train_loss: 0.01907711662352085
epoch: 72--------- train_loss: 0.019049841910600662
epoch: 73--------- train_loss: 0.019091438502073288
epoch: 74--------- train_loss: 0.019133370369672775
epoch: 75--------- train_loss: 0.019153203815221786
epoch: 76--------- train_loss: 0.01915711723268032
epoch: 77--------- train_loss: 0.01919815130531788
epoch: 78--------- train_loss: 0.019167039543390274
epoch: 79--------- train_loss: 0.019104640930891037
epoch: 80--------- train_loss: 0.0191383957862854
epoch: 81--------- train_loss: 0.01910475827753544
epoch: 82--------- train_loss: 0.019049903377890587
epoch: 83--------- train_loss: 0.01906137727200985
epoch: 84--------- train_loss: 0.019069716334342957
epoch: 85--------- train_loss: 0.019080933183431625
epoch: 86--------- train_loss: 0.019171053543686867
epoch: 87--------- train_loss: 0.019192975014448166
epoch: 88--------- train_loss: 0.019216064363718033
epoch: 89--------- train_loss: 0.019229641184210777
epoch: 90--------- train_loss: 0.019254513084888458
epoch: 91--------- train_loss: 0.01928343065083027
epoch: 92--------- train_loss: 0.01928139664232731
epoch: 93--------- train_loss: 0.01931740529835224
epoch: 94--------- train_loss: 0.01937408372759819
epoch: 95--------- train_loss: 0.019412539899349213
epoch: 96--------- train_loss: 0.019420064985752106
epoch: 97--------- train_loss: 0.019465580582618713
epoch: 98--------- train_loss: 0.019474968314170837
epoch: 99--------- train_loss: 0.019455941393971443
epoch: 100--------- train_loss: 0.01949618197977543
epoch: 101--------- train_loss: 0.019501395523548126
epoch: 102--------- train_loss: 0.01955551840364933
epoch: 103--------- train_loss: 0.01963663473725319
epoch: 104--------- train_loss: 0.01969236321747303
epoch: 105--------- train_loss: 0.019695401191711426
epoch: 106--------- train_loss: 0.019610896706581116
epoch: 107--------- train_loss: 0.019600259140133858
epoch: 108--------- train_loss: 0.01959594339132309
epoch: 109--------- train_loss: 0.01949477568268776
epoch: 110--------- train_loss: 0.01956440694630146
epoch: 111--------- train_loss: 0.019580001011490822
epoch: 112--------- train_loss: 0.019581886008381844
epoch: 113--------- train_loss: 0.01958685740828514
epoch: 114--------- train_loss: 0.019613368436694145
epoch: 115--------- train_loss: 0.019738979637622833
epoch: 116--------- train_loss: 0.019646400585770607
epoch: 117--------- train_loss: 0.01958788000047207
epoch: 118--------- train_loss: 0.019607601687312126
epoch: 119--------- train_loss: 0.019567662850022316
epoch: 120--------- train_loss: 0.01960425265133381
epoch: 121--------- train_loss: 0.019677722826600075
epoch: 122--------- train_loss: 0.01951381005346775
epoch: 123--------- train_loss: 0.019790655001997948
epoch: 124--------- train_loss: 0.019760798662900925
epoch: 125--------- train_loss: 0.01975315995514393
epoch: 126--------- train_loss: 0.01975773647427559
epoch: 127--------- train_loss: 0.019751204177737236
epoch: 128--------- train_loss: 0.019712595269083977
epoch: 129--------- train_loss: 0.020021403208374977
epoch: 130--------- train_loss: 0.019726086407899857
epoch: 131--------- train_loss: 0.01992220990359783
epoch: 132--------- train_loss: 0.01986978016793728
epoch: 133--------- train_loss: 0.01993095874786377
epoch: 134--------- train_loss: 0.019994646310806274
epoch: 135--------- train_loss: 0.020047498866915703
epoch: 136--------- train_loss: 0.020126458257436752
epoch: 137--------- train_loss: 0.020024755969643593
epoch: 138--------- train_loss: 0.01989029347896576
epoch: 139--------- train_loss: 0.020046880468726158
epoch: 140--------- train_loss: 0.019914470613002777
epoch: 141--------- train_loss: 0.01989716663956642
epoch: 142--------- train_loss: 0.019920090213418007
epoch: 143--------- train_loss: 0.020041024312376976
epoch: 144--------- train_loss: 0.02010907046496868
epoch: 145--------- train_loss: 0.0198668222874403
epoch: 146--------- train_loss: 0.019967254251241684
epoch: 147--------- train_loss: 0.020002564415335655
epoch: 148--------- train_loss: 0.019856566563248634
epoch: 149--------- train_loss: 0.019938023760914803
epoch: 150--------- train_loss: 0.019926706328988075
epoch: 151--------- train_loss: 0.019902797415852547
epoch: 152--------- train_loss: 0.0198797769844532
epoch: 153--------- train_loss: 0.020050901919603348
epoch: 154--------- train_loss: 0.019885435700416565
epoch: 155--------- train_loss: 0.01999977044761181
epoch: 156--------- train_loss: 0.01981518603861332
epoch: 157--------- train_loss: 0.019875748082995415
epoch: 158--------- train_loss: 0.019968632608652115
epoch: 159--------- train_loss: 0.019935889169573784
epoch: 160--------- train_loss: 0.019922694191336632
epoch: 161--------- train_loss: 0.020019225776195526
epoch: 162--------- train_loss: 0.01988435536623001
epoch: 163--------- train_loss: 0.01997789554297924
epoch: 164--------- train_loss: 0.020097680389881134
epoch: 165--------- train_loss: 0.020279638469219208
epoch: 166--------- train_loss: 0.02038879320025444
epoch: 167--------- train_loss: 0.02039090357720852
epoch: 168--------- train_loss: 0.020244138315320015
epoch: 169--------- train_loss: 0.020296337082982063
epoch: 170--------- train_loss: 0.020255522802472115
epoch: 171--------- train_loss: 0.02052215114235878
epoch: 172--------- train_loss: 0.020463405176997185
epoch: 173--------- train_loss: 0.020358672365546227
epoch: 174--------- train_loss: 0.020247092470526695
epoch: 175--------- train_loss: 0.020578822121024132
epoch: 176--------- train_loss: 0.02032836526632309
epoch: 177--------- train_loss: 0.02047346904873848
epoch: 178--------- train_loss: 0.020693518221378326
epoch: 179--------- train_loss: 0.020519334822893143
epoch: 180--------- train_loss: 0.02044760435819626
epoch: 181--------- train_loss: 0.02058367058634758
epoch: 182--------- train_loss: 0.020594339817762375
epoch: 183--------- train_loss: 0.020853396505117416
epoch: 184--------- train_loss: 0.02047288604080677
epoch: 185--------- train_loss: 0.020399589091539383
epoch: 186--------- train_loss: 0.020472178235650063
epoch: 187--------- train_loss: 0.02113138884305954
epoch: 188--------- train_loss: 0.02075025625526905
epoch: 189--------- train_loss: 0.020433742552995682
epoch: 190--------- train_loss: 0.021314073354005814
epoch: 191--------- train_loss: 0.020734678953886032
epoch: 192--------- train_loss: 0.020913317799568176
epoch: 193--------- train_loss: 0.02122746966779232
epoch: 194--------- train_loss: 0.020884010940790176
epoch: 195--------- train_loss: 0.02099619247019291
epoch: 196--------- train_loss: 0.020797565579414368
epoch: 197--------- train_loss: 0.02099473401904106
epoch: 198--------- train_loss: 0.021199390292167664
epoch: 199--------- train_loss: 0.02108384296298027
epoch: 0--------- train_loss: 3.6006088256835938
epoch: 1--------- train_loss: 2.1807456016540527
epoch: 2--------- train_loss: 1.814032793045044
epoch: 3--------- train_loss: 1.806880235671997
epoch: 4--------- train_loss: 1.8109877109527588
epoch: 5--------- train_loss: 1.8064852952957153
epoch: 6--------- train_loss: 1.807220220565796
epoch: 7--------- train_loss: 1.808227300643921
epoch: 8--------- train_loss: 1.8096221685409546
epoch: 9--------- train_loss: 1.8019356727600098
epoch: 10--------- train_loss: 1.8002840280532837
epoch: 11--------- train_loss: 1.8016390800476074
epoch: 12--------- train_loss: 1.806420087814331
epoch: 13--------- train_loss: 1.80623459815979
epoch: 14--------- train_loss: 1.8081836700439453
epoch: 15--------- train_loss: 1.8152897357940674
epoch: 16--------- train_loss: 1.8183209896087646
epoch: 17--------- train_loss: 1.8184819221496582
epoch: 18--------- train_loss: 1.820956826210022
epoch: 19--------- train_loss: 1.8225204944610596
epoch: 20--------- train_loss: 1.8243284225463867
epoch: 21--------- train_loss: 1.8254902362823486
epoch: 22--------- train_loss: 1.8271210193634033
epoch: 23--------- train_loss: 1.8262572288513184
epoch: 24--------- train_loss: 1.8256001472473145
epoch: 25--------- train_loss: 1.832081913948059
epoch: 26--------- train_loss: 1.8311529159545898
epoch: 27--------- train_loss: 1.8343888521194458
epoch: 28--------- train_loss: 1.835864543914795
epoch: 29--------- train_loss: 1.8437962532043457
epoch: 30--------- train_loss: 1.8490551710128784
epoch: 31--------- train_loss: 1.8535666465759277
epoch: 32--------- train_loss: 1.8571290969848633
epoch: 33--------- train_loss: 1.8614343404769897
epoch: 34--------- train_loss: 1.8675010204315186
epoch: 35--------- train_loss: 1.8711172342300415
epoch: 36--------- train_loss: 1.8742499351501465
epoch: 37--------- train_loss: 1.8766181468963623
epoch: 38--------- train_loss: 1.8846174478530884
epoch: 39--------- train_loss: 1.8901891708374023
epoch: 40--------- train_loss: 1.8974108695983887
epoch: 41--------- train_loss: 1.9000399112701416
epoch: 42--------- train_loss: 1.9065742492675781
epoch: 43--------- train_loss: 1.9089577198028564
epoch: 44--------- train_loss: 1.9125186204910278
epoch: 45--------- train_loss: 1.9155282974243164
epoch: 46--------- train_loss: 1.9157123565673828
epoch: 47--------- train_loss: 1.9221038818359375
epoch: 48--------- train_loss: 1.9265180826187134
epoch: 49--------- train_loss: 1.9299414157867432
epoch: 50--------- train_loss: 1.9272184371948242
epoch: 51--------- train_loss: 1.9303078651428223
epoch: 52--------- train_loss: 1.9308700561523438
epoch: 53--------- train_loss: 1.9311670064926147
epoch: 54--------- train_loss: 1.9332072734832764
epoch: 55--------- train_loss: 1.9321050643920898
epoch: 56--------- train_loss: 1.936092734336853
epoch: 57--------- train_loss: 1.936667561531067
epoch: 58--------- train_loss: 1.9371659755706787
epoch: 59--------- train_loss: 1.9339847564697266
epoch: 60--------- train_loss: 1.9366633892059326
epoch: 61--------- train_loss: 1.931397795677185
epoch: 62--------- train_loss: 1.929342269897461
epoch: 63--------- train_loss: 1.9296271800994873
epoch: 64--------- train_loss: 1.9279370307922363
epoch: 65--------- train_loss: 1.9272189140319824
epoch: 66--------- train_loss: 1.9216492176055908
epoch: 67--------- train_loss: 1.9193015098571777
epoch: 68--------- train_loss: 1.9142656326293945
epoch: 69--------- train_loss: 1.9116363525390625
epoch: 70--------- train_loss: 1.9101403951644897
epoch: 71--------- train_loss: 1.9102632999420166
epoch: 72--------- train_loss: 1.9079004526138306
epoch: 73--------- train_loss: 1.9079710245132446
epoch: 74--------- train_loss: 1.906348705291748
epoch: 75--------- train_loss: 1.904962182044983
epoch: 76--------- train_loss: 1.9051190614700317
epoch: 77--------- train_loss: 1.9033252000808716
epoch: 78--------- train_loss: 1.9010390043258667
epoch: 79--------- train_loss: 1.8994240760803223
epoch: 80--------- train_loss: 1.8963720798492432
epoch: 81--------- train_loss: 1.896512746810913
epoch: 82--------- train_loss: 1.8966374397277832
epoch: 83--------- train_loss: 1.8956373929977417
epoch: 84--------- train_loss: 1.8948640823364258
epoch: 85--------- train_loss: 1.8960349559783936
epoch: 86--------- train_loss: 1.8971694707870483
epoch: 87--------- train_loss: 1.8937828540802002
epoch: 88--------- train_loss: 1.891696810722351
epoch: 89--------- train_loss: 1.8890423774719238
epoch: 90--------- train_loss: 1.8869171142578125
epoch: 91--------- train_loss: 1.8853923082351685
epoch: 92--------- train_loss: 1.8853473663330078
epoch: 93--------- train_loss: 1.8836150169372559
epoch: 94--------- train_loss: 1.87874174118042
epoch: 95--------- train_loss: 1.8793731927871704
epoch: 96--------- train_loss: 1.8783955574035645
epoch: 97--------- train_loss: 1.8761893510818481
epoch: 98--------- train_loss: 1.8777509927749634
epoch: 99--------- train_loss: 1.8763062953948975
epoch: 100--------- train_loss: 1.8736108541488647
epoch: 101--------- train_loss: 1.8756718635559082
epoch: 102--------- train_loss: 1.871092677116394
epoch: 103--------- train_loss: 1.8717249631881714
epoch: 104--------- train_loss: 1.8700075149536133
epoch: 105--------- train_loss: 1.8668673038482666
epoch: 106--------- train_loss: 1.8661811351776123
epoch: 107--------- train_loss: 1.8687800168991089
epoch: 108--------- train_loss: 1.8650496006011963
epoch: 109--------- train_loss: 1.8641471862792969
epoch: 110--------- train_loss: 1.8647383451461792
epoch: 111--------- train_loss: 1.861280083656311
epoch: 112--------- train_loss: 1.8642168045043945
epoch: 113--------- train_loss: 1.855940580368042
epoch: 114--------- train_loss: 1.8561475276947021
epoch: 115--------- train_loss: 1.856945514678955
epoch: 116--------- train_loss: 1.8571500778198242
epoch: 117--------- train_loss: 1.852738618850708
epoch: 118--------- train_loss: 1.850088357925415
epoch: 119--------- train_loss: 1.8467358350753784
epoch: 120--------- train_loss: 1.8504271507263184
epoch: 121--------- train_loss: 1.842463731765747
epoch: 122--------- train_loss: 1.8519995212554932
epoch: 123--------- train_loss: 1.843501091003418
epoch: 124--------- train_loss: 1.8510476350784302
epoch: 125--------- train_loss: 1.840566873550415
epoch: 126--------- train_loss: 1.8545079231262207
epoch: 127--------- train_loss: 1.848659873008728
epoch: 128--------- train_loss: 1.8485300540924072
epoch: 129--------- train_loss: 1.8417303562164307
epoch: 130--------- train_loss: 1.8472051620483398
epoch: 131--------- train_loss: 1.8457682132720947
epoch: 132--------- train_loss: 1.8520392179489136
epoch: 133--------- train_loss: 1.850757122039795
epoch: 134--------- train_loss: 1.8477859497070312
epoch: 135--------- train_loss: 1.8303437232971191
epoch: 136--------- train_loss: 1.8387371301651
epoch: 137--------- train_loss: 1.8497610092163086
epoch: 138--------- train_loss: 1.8341524600982666
epoch: 139--------- train_loss: 1.8398489952087402
epoch: 140--------- train_loss: 1.835750699043274
epoch: 141--------- train_loss: 1.835841178894043
epoch: 142--------- train_loss: 1.8442094326019287
epoch: 143--------- train_loss: 1.8411924839019775
epoch: 144--------- train_loss: 1.8397307395935059
epoch: 145--------- train_loss: 1.8336687088012695
epoch: 146--------- train_loss: 1.839674711227417
epoch: 147--------- train_loss: 1.8366553783416748
epoch: 148--------- train_loss: 1.839386224746704
epoch: 149--------- train_loss: 1.832735538482666
epoch: 150--------- train_loss: 1.8384532928466797
epoch: 151--------- train_loss: 1.8322978019714355
epoch: 152--------- train_loss: 1.8407578468322754
epoch: 153--------- train_loss: 1.8322985172271729
epoch: 154--------- train_loss: 1.8266810178756714
epoch: 155--------- train_loss: 1.8359624147415161
epoch: 156--------- train_loss: 1.8302593231201172
epoch: 157--------- train_loss: 1.8279078006744385
epoch: 158--------- train_loss: 1.831221342086792
epoch: 159--------- train_loss: 1.816375494003296
epoch: 160--------- train_loss: 1.827061653137207
epoch: 161--------- train_loss: 1.8421950340270996
epoch: 162--------- train_loss: 1.82936692237854
epoch: 163--------- train_loss: 1.8400909900665283
epoch: 164--------- train_loss: 1.841404914855957
epoch: 165--------- train_loss: 1.83207368850708
epoch: 166--------- train_loss: 1.842684030532837
epoch: 167--------- train_loss: 1.8355398178100586
epoch: 168--------- train_loss: 1.842803955078125
epoch: 169--------- train_loss: 1.8422679901123047
epoch: 170--------- train_loss: 1.835384488105774
epoch: 171--------- train_loss: 1.8347517251968384
epoch: 172--------- train_loss: 1.841459035873413
epoch: 173--------- train_loss: 1.8375078439712524
epoch: 174--------- train_loss: 1.8190028667449951
epoch: 175--------- train_loss: 1.8375698328018188
epoch: 176--------- train_loss: 1.8083832263946533
epoch: 177--------- train_loss: 1.827822208404541
epoch: 178--------- train_loss: 1.812697172164917
epoch: 179--------- train_loss: 1.8369625806808472
epoch: 180--------- train_loss: 1.8212863206863403
epoch: 181--------- train_loss: 1.8246424198150635
epoch: 182--------- train_loss: 1.8288912773132324
epoch: 183--------- train_loss: 1.824049472808838
epoch: 184--------- train_loss: 1.825685739517212
epoch: 185--------- train_loss: 1.8386287689208984
epoch: 186--------- train_loss: 1.8260951042175293
epoch: 187--------- train_loss: 1.83652925491333
epoch: 188--------- train_loss: 1.8208036422729492
epoch: 189--------- train_loss: 1.8183724880218506
epoch: 190--------- train_loss: 1.8301900625228882
epoch: 191--------- train_loss: 1.8144526481628418
epoch: 192--------- train_loss: 1.8133708238601685
epoch: 193--------- train_loss: 1.7946877479553223
epoch: 194--------- train_loss: 1.8220665454864502
epoch: 195--------- train_loss: 1.818053126335144
epoch: 196--------- train_loss: 1.81050443649292
epoch: 197--------- train_loss: 1.8238931894302368
epoch: 198--------- train_loss: 1.8165136575698853
epoch: 199--------- train_loss: 1.7985645532608032
epoch: 0--------- train_loss: 64.61026000976562
epoch: 1--------- train_loss: 51.04206085205078
epoch: 2--------- train_loss: 39.413841247558594
epoch: 3--------- train_loss: 29.502422332763672
epoch: 4--------- train_loss: 21.190536499023438
epoch: 5--------- train_loss: 14.437848091125488
epoch: 6--------- train_loss: 9.213882446289062
epoch: 7--------- train_loss: 5.492144584655762
epoch: 8--------- train_loss: 3.218770980834961
epoch: 9--------- train_loss: 2.265646457672119
epoch: 10--------- train_loss: 2.1087231636047363
epoch: 11--------- train_loss: 2.1036055088043213
epoch: 12--------- train_loss: 2.1078248023986816
epoch: 13--------- train_loss: 2.1106462478637695
epoch: 14--------- train_loss: 2.112751007080078
epoch: 15--------- train_loss: 2.1136746406555176
epoch: 16--------- train_loss: 2.1159839630126953
epoch: 17--------- train_loss: 2.115095615386963
epoch: 18--------- train_loss: 2.114737033843994
epoch: 19--------- train_loss: 2.1135292053222656
epoch: 20--------- train_loss: 2.1146655082702637
epoch: 21--------- train_loss: 2.114537239074707
epoch: 22--------- train_loss: 2.1141114234924316
epoch: 23--------- train_loss: 2.115208148956299
epoch: 24--------- train_loss: 2.1155643463134766
epoch: 25--------- train_loss: 2.117999315261841
epoch: 26--------- train_loss: 2.117490768432617
epoch: 27--------- train_loss: 2.1179893016815186
epoch: 28--------- train_loss: 2.1156580448150635
epoch: 29--------- train_loss: 2.118368625640869
epoch: 30--------- train_loss: 2.1175403594970703
epoch: 31--------- train_loss: 2.1168460845947266
epoch: 32--------- train_loss: 2.11706805229187
epoch: 33--------- train_loss: 2.1155176162719727
epoch: 34--------- train_loss: 2.115394115447998
epoch: 35--------- train_loss: 2.1194777488708496
epoch: 36--------- train_loss: 2.1226186752319336
epoch: 37--------- train_loss: 2.1227951049804688
epoch: 38--------- train_loss: 2.1229615211486816
epoch: 39--------- train_loss: 2.121427059173584
epoch: 40--------- train_loss: 2.1225852966308594
epoch: 41--------- train_loss: 2.121907949447632
epoch: 42--------- train_loss: 2.122189998626709
epoch: 43--------- train_loss: 2.12302303314209
epoch: 44--------- train_loss: 2.123016357421875
epoch: 45--------- train_loss: 2.1240787506103516
epoch: 46--------- train_loss: 2.1239452362060547
epoch: 47--------- train_loss: 2.1237354278564453
epoch: 48--------- train_loss: 2.1231131553649902
epoch: 49--------- train_loss: 2.1231493949890137
epoch: 50--------- train_loss: 2.122494697570801
epoch: 51--------- train_loss: 2.1224141120910645
epoch: 52--------- train_loss: 2.1213266849517822
epoch: 53--------- train_loss: 2.11919903755188
epoch: 54--------- train_loss: 2.120201587677002
epoch: 55--------- train_loss: 2.120654821395874
epoch: 56--------- train_loss: 2.12216854095459
epoch: 57--------- train_loss: 2.122283935546875
epoch: 58--------- train_loss: 2.1215319633483887
epoch: 59--------- train_loss: 2.120473861694336
epoch: 60--------- train_loss: 2.1201534271240234
epoch: 61--------- train_loss: 2.1227502822875977
epoch: 62--------- train_loss: 2.121506690979004
epoch: 63--------- train_loss: 2.120025634765625
epoch: 64--------- train_loss: 2.1189332008361816
epoch: 65--------- train_loss: 2.1197056770324707
epoch: 66--------- train_loss: 2.1173057556152344
epoch: 67--------- train_loss: 2.1171317100524902
epoch: 68--------- train_loss: 2.1169588565826416
epoch: 69--------- train_loss: 2.1160330772399902
epoch: 70--------- train_loss: 2.1176040172576904
epoch: 71--------- train_loss: 2.1160316467285156
epoch: 72--------- train_loss: 2.115321159362793
epoch: 73--------- train_loss: 2.115593671798706
epoch: 74--------- train_loss: 2.1168575286865234
epoch: 75--------- train_loss: 2.1165084838867188
epoch: 76--------- train_loss: 2.1140360832214355
epoch: 77--------- train_loss: 2.1132960319519043
epoch: 78--------- train_loss: 2.111382246017456
epoch: 79--------- train_loss: 2.112468719482422
epoch: 80--------- train_loss: 2.108828067779541
epoch: 81--------- train_loss: 2.110139846801758
epoch: 82--------- train_loss: 2.1107821464538574
epoch: 83--------- train_loss: 2.1105661392211914
epoch: 84--------- train_loss: 2.1088638305664062
epoch: 85--------- train_loss: 2.108882427215576
epoch: 86--------- train_loss: 2.10762357711792
epoch: 87--------- train_loss: 2.106283664703369
epoch: 88--------- train_loss: 2.1072301864624023
epoch: 89--------- train_loss: 2.1053311824798584
epoch: 90--------- train_loss: 2.1060380935668945
epoch: 91--------- train_loss: 2.104679584503174
epoch: 92--------- train_loss: 2.1054701805114746
epoch: 93--------- train_loss: 2.102031707763672
epoch: 94--------- train_loss: 2.10148286819458
epoch: 95--------- train_loss: 2.102588653564453
epoch: 96--------- train_loss: 2.0997748374938965
epoch: 97--------- train_loss: 2.1025490760803223
epoch: 98--------- train_loss: 2.104004383087158
epoch: 99--------- train_loss: 2.102604866027832
epoch: 100--------- train_loss: 2.104766845703125
epoch: 101--------- train_loss: 2.1033287048339844
epoch: 102--------- train_loss: 2.104288339614868
epoch: 103--------- train_loss: 2.1047825813293457
epoch: 104--------- train_loss: 2.102811098098755
epoch: 105--------- train_loss: 2.1030266284942627
epoch: 106--------- train_loss: 2.101424217224121
epoch: 107--------- train_loss: 2.102145195007324
epoch: 108--------- train_loss: 2.100708246231079
epoch: 109--------- train_loss: 2.098308563232422
epoch: 110--------- train_loss: 2.0948147773742676
epoch: 111--------- train_loss: 2.0924222469329834
epoch: 112--------- train_loss: 2.0915513038635254
epoch: 113--------- train_loss: 2.0919814109802246
epoch: 114--------- train_loss: 2.0875468254089355
epoch: 115--------- train_loss: 2.089036464691162
epoch: 116--------- train_loss: 2.0874667167663574
epoch: 117--------- train_loss: 2.087606430053711
epoch: 118--------- train_loss: 2.087103843688965
epoch: 119--------- train_loss: 2.0864248275756836
epoch: 120--------- train_loss: 2.0876994132995605
epoch: 121--------- train_loss: 2.084211826324463
epoch: 122--------- train_loss: 2.0819592475891113
epoch: 123--------- train_loss: 2.080016613006592
epoch: 124--------- train_loss: 2.080324172973633
epoch: 125--------- train_loss: 2.079145908355713
epoch: 126--------- train_loss: 2.0790109634399414
epoch: 127--------- train_loss: 2.078782081604004
epoch: 128--------- train_loss: 2.07882022857666
epoch: 129--------- train_loss: 2.079713821411133
epoch: 130--------- train_loss: 2.0780625343322754
epoch: 131--------- train_loss: 2.080435037612915
epoch: 132--------- train_loss: 2.077975273132324
epoch: 133--------- train_loss: 2.081051826477051
epoch: 134--------- train_loss: 2.0741984844207764
epoch: 135--------- train_loss: 2.0813064575195312
epoch: 136--------- train_loss: 2.076231002807617
epoch: 137--------- train_loss: 2.0793418884277344
epoch: 138--------- train_loss: 2.0758790969848633
epoch: 139--------- train_loss: 2.0753626823425293
epoch: 140--------- train_loss: 2.076435089111328
epoch: 141--------- train_loss: 2.0743887424468994
epoch: 142--------- train_loss: 2.077124834060669
epoch: 143--------- train_loss: 2.073030710220337
epoch: 144--------- train_loss: 2.0772440433502197
epoch: 145--------- train_loss: 2.075043201446533
epoch: 146--------- train_loss: 2.063998222351074
epoch: 147--------- train_loss: 2.077444076538086
epoch: 148--------- train_loss: 2.0678887367248535
epoch: 149--------- train_loss: 2.074739933013916
epoch: 150--------- train_loss: 2.069700002670288
epoch: 151--------- train_loss: 2.067460060119629
epoch: 152--------- train_loss: 2.067314863204956
epoch: 153--------- train_loss: 2.0672056674957275
epoch: 154--------- train_loss: 2.0684194564819336
epoch: 155--------- train_loss: 2.064906358718872
epoch: 156--------- train_loss: 2.0684432983398438
epoch: 157--------- train_loss: 2.0674357414245605
epoch: 158--------- train_loss: 2.064185619354248
epoch: 159--------- train_loss: 2.066324234008789
epoch: 160--------- train_loss: 2.063764810562134
epoch: 161--------- train_loss: 2.0625290870666504
epoch: 162--------- train_loss: 2.0663061141967773
epoch: 163--------- train_loss: 2.069369077682495
epoch: 164--------- train_loss: 2.0622973442077637
epoch: 165--------- train_loss: 2.0641798973083496
epoch: 166--------- train_loss: 2.063549518585205
epoch: 167--------- train_loss: 2.0624821186065674
epoch: 168--------- train_loss: 2.070190906524658
epoch: 169--------- train_loss: 2.06173038482666
epoch: 170--------- train_loss: 2.066774845123291
epoch: 171--------- train_loss: 2.0625967979431152
epoch: 172--------- train_loss: 2.065265655517578
epoch: 173--------- train_loss: 2.0658304691314697
epoch: 174--------- train_loss: 2.065943479537964
epoch: 175--------- train_loss: 2.066178560256958
epoch: 176--------- train_loss: 2.060591220855713
epoch: 177--------- train_loss: 2.0637388229370117
epoch: 178--------- train_loss: 2.066256046295166
epoch: 179--------- train_loss: 2.062338352203369
epoch: 180--------- train_loss: 2.0630998611450195
epoch: 181--------- train_loss: 2.064225196838379
epoch: 182--------- train_loss: 2.069797992706299
epoch: 183--------- train_loss: 2.0654308795928955
epoch: 184--------- train_loss: 2.069361448287964
epoch: 185--------- train_loss: 2.065791606903076
epoch: 186--------- train_loss: 2.0667216777801514
epoch: 187--------- train_loss: 2.0669591426849365
epoch: 188--------- train_loss: 2.0650546550750732
epoch: 189--------- train_loss: 2.067086696624756
epoch: 190--------- train_loss: 2.070101261138916
epoch: 191--------- train_loss: 2.066056489944458
epoch: 192--------- train_loss: 2.067293405532837
epoch: 193--------- train_loss: 2.0654633045196533
epoch: 194--------- train_loss: 2.064055919647217
epoch: 195--------- train_loss: 2.0694491863250732
epoch: 196--------- train_loss: 2.0690441131591797
epoch: 197--------- train_loss: 2.0671818256378174
epoch: 198--------- train_loss: 2.0686888694763184
epoch: 199--------- train_loss: 2.0695409774780273
[[2.223606149136546, array([2.186772  , 2.26106073])], [0.6850326079587926, array([0.66800717, 0.70249197])], [2.202061643645042, array([2.16021343, 2.24472055])], [3.094451797581524, array([3.03808454, 3.15186486])]]

reoperation
DragonNet
epoch: 0--------- train_loss: 0.6782581806182861
epoch: 1--------- train_loss: 0.5218112468719482
epoch: 2--------- train_loss: 0.3181072473526001
epoch: 3--------- train_loss: 0.23674753308296204
epoch: 4--------- train_loss: 0.23729148507118225
epoch: 5--------- train_loss: 0.2384786456823349
epoch: 6--------- train_loss: 0.2401306927204132
epoch: 7--------- train_loss: 0.240531787276268
epoch: 8--------- train_loss: 0.24147817492485046
epoch: 9--------- train_loss: 0.24120363593101501
epoch: 10--------- train_loss: 0.2406194657087326
epoch: 11--------- train_loss: 0.24075445532798767
epoch: 12--------- train_loss: 0.2412174642086029
epoch: 13--------- train_loss: 0.2407594621181488
epoch: 14--------- train_loss: 0.2418241649866104
epoch: 15--------- train_loss: 0.24205365777015686
epoch: 16--------- train_loss: 0.24208278954029083
epoch: 17--------- train_loss: 0.2422148883342743
epoch: 18--------- train_loss: 0.2421768307685852
epoch: 19--------- train_loss: 0.24246937036514282
epoch: 20--------- train_loss: 0.24279247224330902
epoch: 21--------- train_loss: 0.24239832162857056
epoch: 22--------- train_loss: 0.2432532012462616
epoch: 23--------- train_loss: 0.24361597001552582
epoch: 24--------- train_loss: 0.24369987845420837
epoch: 25--------- train_loss: 0.24432337284088135
epoch: 26--------- train_loss: 0.2439177930355072
epoch: 27--------- train_loss: 0.24333155155181885
epoch: 28--------- train_loss: 0.2427697628736496
epoch: 29--------- train_loss: 0.24298962950706482
epoch: 30--------- train_loss: 0.24299198389053345
epoch: 31--------- train_loss: 0.24295145273208618
epoch: 32--------- train_loss: 0.24287660419940948
epoch: 33--------- train_loss: 0.2423550933599472
epoch: 34--------- train_loss: 0.24291977286338806
epoch: 35--------- train_loss: 0.2432931810617447
epoch: 36--------- train_loss: 0.2433287352323532
epoch: 37--------- train_loss: 0.24300479888916016
epoch: 38--------- train_loss: 0.24309296905994415
epoch: 39--------- train_loss: 0.24320082366466522
epoch: 40--------- train_loss: 0.2432958334684372
epoch: 41--------- train_loss: 0.24349020421504974
epoch: 42--------- train_loss: 0.24351957440376282
epoch: 43--------- train_loss: 0.24369759857654572
epoch: 44--------- train_loss: 0.24307382106781006
epoch: 45--------- train_loss: 0.24335253238677979
epoch: 46--------- train_loss: 0.24215450882911682
epoch: 47--------- train_loss: 0.24122850596904755
epoch: 48--------- train_loss: 0.2414313405752182
epoch: 49--------- train_loss: 0.2413116991519928
epoch: 50--------- train_loss: 0.2410035878419876
epoch: 51--------- train_loss: 0.24086883664131165
epoch: 52--------- train_loss: 0.24042943120002747
epoch: 53--------- train_loss: 0.24031320214271545
epoch: 54--------- train_loss: 0.23949310183525085
epoch: 55--------- train_loss: 0.239603653550148
epoch: 56--------- train_loss: 0.23955181241035461
epoch: 57--------- train_loss: 0.23988774418830872
epoch: 58--------- train_loss: 0.23976270854473114
epoch: 59--------- train_loss: 0.23963619768619537
epoch: 60--------- train_loss: 0.24043229222297668
epoch: 61--------- train_loss: 0.24040839076042175
epoch: 62--------- train_loss: 0.23976849019527435
epoch: 63--------- train_loss: 0.2389732003211975
epoch: 64--------- train_loss: 0.23910267651081085
epoch: 65--------- train_loss: 0.23888526856899261
epoch: 66--------- train_loss: 0.2386913001537323
epoch: 67--------- train_loss: 0.2383558601140976
epoch: 68--------- train_loss: 0.238610178232193
epoch: 69--------- train_loss: 0.23919081687927246
epoch: 70--------- train_loss: 0.2386132925748825
epoch: 71--------- train_loss: 0.23820412158966064
epoch: 72--------- train_loss: 0.23869557678699493
epoch: 73--------- train_loss: 0.23884640634059906
epoch: 74--------- train_loss: 0.23833829164505005
epoch: 75--------- train_loss: 0.23867379128932953
epoch: 76--------- train_loss: 0.23830987513065338
epoch: 77--------- train_loss: 0.2378753125667572
epoch: 78--------- train_loss: 0.23752513527870178
epoch: 79--------- train_loss: 0.23817294836044312
epoch: 80--------- train_loss: 0.2376028448343277
epoch: 81--------- train_loss: 0.23814886808395386
epoch: 82--------- train_loss: 0.23794539272785187
epoch: 83--------- train_loss: 0.237592875957489
epoch: 84--------- train_loss: 0.2369672656059265
epoch: 85--------- train_loss: 0.23644672334194183
epoch: 86--------- train_loss: 0.23559783399105072
epoch: 87--------- train_loss: 0.2359037846326828
epoch: 88--------- train_loss: 0.23609842360019684
epoch: 89--------- train_loss: 0.23593895137310028
epoch: 90--------- train_loss: 0.23627997934818268
epoch: 91--------- train_loss: 0.23684026300907135
epoch: 92--------- train_loss: 0.23525629937648773
epoch: 93--------- train_loss: 0.23588401079177856
epoch: 94--------- train_loss: 0.2357904464006424
epoch: 95--------- train_loss: 0.23601506650447845
epoch: 96--------- train_loss: 0.235073521733284
epoch: 97--------- train_loss: 0.23556005954742432
epoch: 98--------- train_loss: 0.23486530780792236
epoch: 99--------- train_loss: 0.23461221158504486
epoch: 100--------- train_loss: 0.23474591970443726
epoch: 101--------- train_loss: 0.23411931097507477
epoch: 102--------- train_loss: 0.23410123586654663
epoch: 103--------- train_loss: 0.23234306275844574
epoch: 104--------- train_loss: 0.23269538581371307
epoch: 105--------- train_loss: 0.23287421464920044
epoch: 106--------- train_loss: 0.23242774605751038
epoch: 107--------- train_loss: 0.23264223337173462
epoch: 108--------- train_loss: 0.2341601848602295
epoch: 109--------- train_loss: 0.2337201088666916
epoch: 110--------- train_loss: 0.23305994272232056
epoch: 111--------- train_loss: 0.23315183818340302
epoch: 112--------- train_loss: 0.23215027153491974
epoch: 113--------- train_loss: 0.23274056613445282
epoch: 114--------- train_loss: 0.23265956342220306
epoch: 115--------- train_loss: 0.23311345279216766
epoch: 116--------- train_loss: 0.23240114748477936
epoch: 117--------- train_loss: 0.23355302214622498
epoch: 118--------- train_loss: 0.2338523268699646
epoch: 119--------- train_loss: 0.2332984060049057
epoch: 120--------- train_loss: 0.2326587438583374
epoch: 121--------- train_loss: 0.23557250201702118
epoch: 122--------- train_loss: 0.23287630081176758
epoch: 123--------- train_loss: 0.23276889324188232
epoch: 124--------- train_loss: 0.23310106992721558
epoch: 125--------- train_loss: 0.2325623333454132
epoch: 126--------- train_loss: 0.23361122608184814
epoch: 127--------- train_loss: 0.2329733818769455
epoch: 128--------- train_loss: 0.23250235617160797
epoch: 129--------- train_loss: 0.23317617177963257
epoch: 130--------- train_loss: 0.2335132211446762
epoch: 131--------- train_loss: 0.2327895313501358
epoch: 132--------- train_loss: 0.2332667112350464
epoch: 133--------- train_loss: 0.2321697622537613
epoch: 134--------- train_loss: 0.23401597142219543
epoch: 135--------- train_loss: 0.23457323014736176
epoch: 136--------- train_loss: 0.23354774713516235
epoch: 137--------- train_loss: 0.23392356932163239
epoch: 138--------- train_loss: 0.2323291152715683
epoch: 139--------- train_loss: 0.23420731723308563
epoch: 140--------- train_loss: 0.23180855810642242
epoch: 141--------- train_loss: 0.23258082568645477
epoch: 142--------- train_loss: 0.2338683158159256
epoch: 143--------- train_loss: 0.2317741960287094
epoch: 144--------- train_loss: 0.23497843742370605
epoch: 145--------- train_loss: 0.23254767060279846
epoch: 146--------- train_loss: 0.2331635057926178
epoch: 147--------- train_loss: 0.2322862595319748
epoch: 148--------- train_loss: 0.23465509712696075
epoch: 149--------- train_loss: 0.2346450239419937
epoch: 150--------- train_loss: 0.2336781919002533
epoch: 151--------- train_loss: 0.23405799269676208
epoch: 152--------- train_loss: 0.23630443215370178
epoch: 153--------- train_loss: 0.23477604985237122
epoch: 154--------- train_loss: 0.23261497914791107
epoch: 155--------- train_loss: 0.23452869057655334
epoch: 156--------- train_loss: 0.23545080423355103
epoch: 157--------- train_loss: 0.2331313043832779
epoch: 158--------- train_loss: 0.23214948177337646
epoch: 159--------- train_loss: 0.23090451955795288
epoch: 160--------- train_loss: 0.23371705412864685
epoch: 161--------- train_loss: 0.23399680852890015
epoch: 162--------- train_loss: 0.23161108791828156
epoch: 163--------- train_loss: 0.23456263542175293
epoch: 164--------- train_loss: 0.2321876883506775
epoch: 165--------- train_loss: 0.2334144115447998
epoch: 166--------- train_loss: 0.23199036717414856
epoch: 167--------- train_loss: 0.23328596353530884
epoch: 168--------- train_loss: 0.23254770040512085
epoch: 169--------- train_loss: 0.23261645436286926
epoch: 170--------- train_loss: 0.23386575281620026
epoch: 171--------- train_loss: 0.23384825885295868
epoch: 172--------- train_loss: 0.23327352106571198
epoch: 173--------- train_loss: 0.2333357334136963
epoch: 174--------- train_loss: 0.23447878658771515
epoch: 175--------- train_loss: 0.2318069040775299
epoch: 176--------- train_loss: 0.23395776748657227
epoch: 177--------- train_loss: 0.234066903591156
epoch: 178--------- train_loss: 0.23204053938388824
epoch: 179--------- train_loss: 0.2319919615983963
epoch: 180--------- train_loss: 0.2345765084028244
epoch: 181--------- train_loss: 0.23314140737056732
epoch: 182--------- train_loss: 0.2320101112127304
epoch: 183--------- train_loss: 0.23280411958694458
epoch: 184--------- train_loss: 0.2315552532672882
epoch: 185--------- train_loss: 0.23191215097904205
epoch: 186--------- train_loss: 0.23316064476966858
epoch: 187--------- train_loss: 0.2330140471458435
epoch: 188--------- train_loss: 0.2359958291053772
epoch: 189--------- train_loss: 0.2340797483921051
epoch: 190--------- train_loss: 0.23229332268238068
epoch: 191--------- train_loss: 0.23717531561851501
epoch: 192--------- train_loss: 0.235360786318779
epoch: 193--------- train_loss: 0.23624897003173828
epoch: 194--------- train_loss: 0.23412056267261505
epoch: 195--------- train_loss: 0.23591549694538116
epoch: 196--------- train_loss: 0.23728762567043304
epoch: 197--------- train_loss: 0.23532840609550476
epoch: 198--------- train_loss: 0.23713423311710358
epoch: 199--------- train_loss: 0.23875926434993744
epoch: 0--------- train_loss: 9.761348724365234
epoch: 1--------- train_loss: 8.248881340026855
epoch: 2--------- train_loss: 6.869054794311523
epoch: 3--------- train_loss: 5.655197620391846
epoch: 4--------- train_loss: 4.585808277130127
epoch: 5--------- train_loss: 3.644439935684204
epoch: 6--------- train_loss: 2.8239998817443848
epoch: 7--------- train_loss: 2.1198511123657227
epoch: 8--------- train_loss: 1.5291216373443604
epoch: 9--------- train_loss: 1.0511729717254639
epoch: 10--------- train_loss: 0.6838541030883789
epoch: 11--------- train_loss: 0.42525213956832886
epoch: 12--------- train_loss: 0.2613712251186371
epoch: 13--------- train_loss: 0.10318644344806671
epoch: 14--------- train_loss: 0.023656027391552925
epoch: 15--------- train_loss: 0.023509174585342407
epoch: 16--------- train_loss: 0.023669900372624397
epoch: 17--------- train_loss: 0.023504026234149933
epoch: 18--------- train_loss: 0.023242749273777008
epoch: 19--------- train_loss: 0.023038683459162712
epoch: 20--------- train_loss: 0.022795511409640312
epoch: 21--------- train_loss: 0.022547893226146698
epoch: 22--------- train_loss: 0.022569000720977783
epoch: 23--------- train_loss: 0.022382784634828568
epoch: 24--------- train_loss: 0.022303881123661995
epoch: 25--------- train_loss: 0.02217395417392254
epoch: 26--------- train_loss: 0.022102782502770424
epoch: 27--------- train_loss: 0.02206580340862274
epoch: 28--------- train_loss: 0.022164316847920418
epoch: 29--------- train_loss: 0.022124718874692917
epoch: 30--------- train_loss: 0.02219007909297943
epoch: 31--------- train_loss: 0.02219514176249504
epoch: 32--------- train_loss: 0.022069666534662247
epoch: 33--------- train_loss: 0.022092513740062714
epoch: 34--------- train_loss: 0.02215290442109108
epoch: 35--------- train_loss: 0.022072801366448402
epoch: 36--------- train_loss: 0.022191591560840607
epoch: 37--------- train_loss: 0.022154904901981354
epoch: 38--------- train_loss: 0.022097893059253693
epoch: 39--------- train_loss: 0.022108551114797592
epoch: 40--------- train_loss: 0.02209586463868618
epoch: 41--------- train_loss: 0.022105589509010315
epoch: 42--------- train_loss: 0.022235335782170296
epoch: 43--------- train_loss: 0.022305265069007874
epoch: 44--------- train_loss: 0.022454239428043365
epoch: 45--------- train_loss: 0.022419093176722527
epoch: 46--------- train_loss: 0.022224493324756622
epoch: 47--------- train_loss: 0.0223801638931036
epoch: 48--------- train_loss: 0.022492067888379097
epoch: 49--------- train_loss: 0.022602297365665436
epoch: 50--------- train_loss: 0.02259259670972824
epoch: 51--------- train_loss: 0.022665154188871384
epoch: 52--------- train_loss: 0.02257426269352436
epoch: 53--------- train_loss: 0.0227410476654768
epoch: 54--------- train_loss: 0.02281779609620571
epoch: 55--------- train_loss: 0.02284127287566662
epoch: 56--------- train_loss: 0.0230161901563406
epoch: 57--------- train_loss: 0.023187967017292976
epoch: 58--------- train_loss: 0.02321694791316986
epoch: 59--------- train_loss: 0.023106133565306664
epoch: 60--------- train_loss: 0.023235291242599487
epoch: 61--------- train_loss: 0.023443667218089104
epoch: 62--------- train_loss: 0.023605935275554657
epoch: 63--------- train_loss: 0.0236083772033453
epoch: 64--------- train_loss: 0.023799845948815346
epoch: 65--------- train_loss: 0.02383183129131794
epoch: 66--------- train_loss: 0.023931805044412613
epoch: 67--------- train_loss: 0.024155855178833008
epoch: 68--------- train_loss: 0.024406693875789642
epoch: 69--------- train_loss: 0.024450719356536865
epoch: 70--------- train_loss: 0.02476249262690544
epoch: 71--------- train_loss: 0.024922380223870277
epoch: 72--------- train_loss: 0.025206362828612328
epoch: 73--------- train_loss: 0.025163281708955765
epoch: 74--------- train_loss: 0.025276554748415947
epoch: 75--------- train_loss: 0.02529252879321575
epoch: 76--------- train_loss: 0.025196608155965805
epoch: 77--------- train_loss: 0.025379491969943047
epoch: 78--------- train_loss: 0.025262560695409775
epoch: 79--------- train_loss: 0.02543501742184162
epoch: 80--------- train_loss: 0.025765739381313324
epoch: 81--------- train_loss: 0.025224298238754272
epoch: 82--------- train_loss: 0.025516364723443985
epoch: 83--------- train_loss: 0.024658378213644028
epoch: 84--------- train_loss: 0.024396829307079315
epoch: 85--------- train_loss: 0.02407914213836193
epoch: 86--------- train_loss: 0.023890236392617226
epoch: 87--------- train_loss: 0.023880304768681526
epoch: 88--------- train_loss: 0.0233157891780138
epoch: 89--------- train_loss: 0.023063523694872856
epoch: 90--------- train_loss: 0.022949328646063805
epoch: 91--------- train_loss: 0.02270534262061119
epoch: 92--------- train_loss: 0.02258995920419693
epoch: 93--------- train_loss: 0.02259950339794159
epoch: 94--------- train_loss: 0.022469576448202133
epoch: 95--------- train_loss: 0.02242717333137989
epoch: 96--------- train_loss: 0.022280888631939888
epoch: 97--------- train_loss: 0.022240323945879936
epoch: 98--------- train_loss: 0.02216191031038761
epoch: 99--------- train_loss: 0.022167999297380447
epoch: 100--------- train_loss: 0.022079873830080032
epoch: 101--------- train_loss: 0.022146375849843025
epoch: 102--------- train_loss: 0.02210479974746704
epoch: 103--------- train_loss: 0.022289203479886055
epoch: 104--------- train_loss: 0.022198883816599846
epoch: 105--------- train_loss: 0.02218063548207283
epoch: 106--------- train_loss: 0.02210928313434124
epoch: 107--------- train_loss: 0.022077098488807678
epoch: 108--------- train_loss: 0.022160138934850693
epoch: 109--------- train_loss: 0.022056469693779945
epoch: 110--------- train_loss: 0.022036930546164513
epoch: 111--------- train_loss: 0.02205684781074524
epoch: 112--------- train_loss: 0.022147998213768005
epoch: 113--------- train_loss: 0.02224321849644184
epoch: 114--------- train_loss: 0.022234080359339714
epoch: 115--------- train_loss: 0.02227509766817093
epoch: 116--------- train_loss: 0.022315889596939087
epoch: 117--------- train_loss: 0.02226714789867401
epoch: 118--------- train_loss: 0.022186780348420143
epoch: 119--------- train_loss: 0.022084947675466537
epoch: 120--------- train_loss: 0.022132588550448418
epoch: 121--------- train_loss: 0.02214580588042736
epoch: 122--------- train_loss: 0.022129079326987267
epoch: 123--------- train_loss: 0.02205851301550865
epoch: 124--------- train_loss: 0.022048484534025192
epoch: 125--------- train_loss: 0.022157534956932068
epoch: 126--------- train_loss: 0.022154618054628372
epoch: 127--------- train_loss: 0.02215484343469143
epoch: 128--------- train_loss: 0.022390902042388916
epoch: 129--------- train_loss: 0.02238267846405506
epoch: 130--------- train_loss: 0.022327911108732224
epoch: 131--------- train_loss: 0.0223632100969553
epoch: 132--------- train_loss: 0.02218005061149597
epoch: 133--------- train_loss: 0.022237930446863174
epoch: 134--------- train_loss: 0.022113364189863205
epoch: 135--------- train_loss: 0.022279493510723114
epoch: 136--------- train_loss: 0.022094566375017166
epoch: 137--------- train_loss: 0.022023571655154228
epoch: 138--------- train_loss: 0.02235964499413967
epoch: 139--------- train_loss: 0.022158769890666008
epoch: 140--------- train_loss: 0.022324014455080032
epoch: 141--------- train_loss: 0.0223491620272398
epoch: 142--------- train_loss: 0.022749675437808037
epoch: 143--------- train_loss: 0.02257765457034111
epoch: 144--------- train_loss: 0.022509809583425522
epoch: 145--------- train_loss: 0.022673513740301132
epoch: 146--------- train_loss: 0.022541113197803497
epoch: 147--------- train_loss: 0.022664058953523636
epoch: 148--------- train_loss: 0.022559454664587975
epoch: 149--------- train_loss: 0.022577879950404167
epoch: 150--------- train_loss: 0.022345740348100662
epoch: 151--------- train_loss: 0.02251845970749855
epoch: 152--------- train_loss: 0.02254384569823742
epoch: 153--------- train_loss: 0.02220829948782921
epoch: 154--------- train_loss: 0.022407734766602516
epoch: 155--------- train_loss: 0.022701874375343323
epoch: 156--------- train_loss: 0.022402897477149963
epoch: 157--------- train_loss: 0.022419828921556473
epoch: 158--------- train_loss: 0.022544043138623238
epoch: 159--------- train_loss: 0.02255064621567726
epoch: 160--------- train_loss: 0.022405143827199936
epoch: 161--------- train_loss: 0.022331174463033676
epoch: 162--------- train_loss: 0.022188404574990273
epoch: 163--------- train_loss: 0.022665683180093765
epoch: 164--------- train_loss: 0.022280476987361908
epoch: 165--------- train_loss: 0.022344745695590973
epoch: 166--------- train_loss: 0.022341059520840645
epoch: 167--------- train_loss: 0.022639155387878418
epoch: 168--------- train_loss: 0.0222280565649271
epoch: 169--------- train_loss: 0.02223571203649044
epoch: 170--------- train_loss: 0.022106871008872986
epoch: 171--------- train_loss: 0.022232964634895325
epoch: 172--------- train_loss: 0.02177571877837181
epoch: 173--------- train_loss: 0.022404836490750313
epoch: 174--------- train_loss: 0.022377653047442436
epoch: 175--------- train_loss: 0.022091133520007133
epoch: 176--------- train_loss: 0.022130552679300308
epoch: 177--------- train_loss: 0.02234637178480625
epoch: 178--------- train_loss: 0.022330837324261665
epoch: 179--------- train_loss: 0.02196327969431877
epoch: 180--------- train_loss: 0.022029096260666847
epoch: 181--------- train_loss: 0.022261429578065872
epoch: 182--------- train_loss: 0.022106776013970375
epoch: 183--------- train_loss: 0.022095613181591034
epoch: 184--------- train_loss: 0.02197238802909851
epoch: 185--------- train_loss: 0.0224448274821043
epoch: 186--------- train_loss: 0.022184494882822037
epoch: 187--------- train_loss: 0.022249886766076088
epoch: 188--------- train_loss: 0.022029731422662735
epoch: 189--------- train_loss: 0.022001076489686966
epoch: 190--------- train_loss: 0.02240481600165367
epoch: 191--------- train_loss: 0.022250201553106308
epoch: 192--------- train_loss: 0.02248171903192997
epoch: 193--------- train_loss: 0.021740680560469627
epoch: 194--------- train_loss: 0.02219994366168976
epoch: 195--------- train_loss: 0.022036774083971977
epoch: 196--------- train_loss: 0.022362178191542625
epoch: 197--------- train_loss: 0.022296205163002014
epoch: 198--------- train_loss: 0.022412963211536407
epoch: 199--------- train_loss: 0.02206290140748024
epoch: 0--------- train_loss: 3.049889087677002
epoch: 1--------- train_loss: 0.9762867093086243
epoch: 2--------- train_loss: 0.1529751569032669
epoch: 3--------- train_loss: 0.03251645714044571
epoch: 4--------- train_loss: 0.031401943415403366
epoch: 5--------- train_loss: 0.03064952977001667
epoch: 6--------- train_loss: 0.030480779707431793
epoch: 7--------- train_loss: 0.029924577102065086
epoch: 8--------- train_loss: 0.02962077036499977
epoch: 9--------- train_loss: 0.02934717945754528
epoch: 10--------- train_loss: 0.029123641550540924
epoch: 11--------- train_loss: 0.028983160853385925
epoch: 12--------- train_loss: 0.02886875346302986
epoch: 13--------- train_loss: 0.028815869241952896
epoch: 14--------- train_loss: 0.028282541781663895
epoch: 15--------- train_loss: 0.02831423655152321
epoch: 16--------- train_loss: 0.028404561802744865
epoch: 17--------- train_loss: 0.02830389142036438
epoch: 18--------- train_loss: 0.028474606573581696
epoch: 19--------- train_loss: 0.02856731042265892
epoch: 20--------- train_loss: 0.028713073581457138
epoch: 21--------- train_loss: 0.02880454622209072
epoch: 22--------- train_loss: 0.02838287688791752
epoch: 23--------- train_loss: 0.028387004509568214
epoch: 24--------- train_loss: 0.028689315542578697
epoch: 25--------- train_loss: 0.029063135385513306
epoch: 26--------- train_loss: 0.029320118948817253
epoch: 27--------- train_loss: 0.029471995308995247
epoch: 28--------- train_loss: 0.030245648697018623
epoch: 29--------- train_loss: 0.030283616855740547
epoch: 30--------- train_loss: 0.030946506187319756
epoch: 31--------- train_loss: 0.031064234673976898
epoch: 32--------- train_loss: 0.031018048524856567
epoch: 33--------- train_loss: 0.03086436539888382
epoch: 34--------- train_loss: 0.031470246613025665
epoch: 35--------- train_loss: 0.03217202425003052
epoch: 36--------- train_loss: 0.03268265351653099
epoch: 37--------- train_loss: 0.0344887375831604
epoch: 38--------- train_loss: 0.03488671034574509
epoch: 39--------- train_loss: 0.03576170653104782
epoch: 40--------- train_loss: 0.0364978089928627
epoch: 41--------- train_loss: 0.03752733767032623
epoch: 42--------- train_loss: 0.03799986094236374
epoch: 43--------- train_loss: 0.03866676241159439
epoch: 44--------- train_loss: 0.03887789323925972
epoch: 45--------- train_loss: 0.03935350105166435
epoch: 46--------- train_loss: 0.03860859200358391
epoch: 47--------- train_loss: 0.03910882771015167
epoch: 48--------- train_loss: 0.03736746683716774
epoch: 49--------- train_loss: 0.03587784245610237
epoch: 50--------- train_loss: 0.03538066893815994
epoch: 51--------- train_loss: 0.035082072019577026
epoch: 52--------- train_loss: 0.03391856327652931
epoch: 53--------- train_loss: 0.031469911336898804
epoch: 54--------- train_loss: 0.029358135536313057
epoch: 55--------- train_loss: 0.028652427718043327
epoch: 56--------- train_loss: 0.027423501014709473
epoch: 57--------- train_loss: 0.027104109525680542
epoch: 58--------- train_loss: 0.026787156239151955
epoch: 59--------- train_loss: 0.026530221104621887
epoch: 60--------- train_loss: 0.026120396330952644
epoch: 61--------- train_loss: 0.02570255473256111
epoch: 62--------- train_loss: 0.02534094639122486
epoch: 63--------- train_loss: 0.025136539712548256
epoch: 64--------- train_loss: 0.02507340908050537
epoch: 65--------- train_loss: 0.02515687420964241
epoch: 66--------- train_loss: 0.0251612551510334
epoch: 67--------- train_loss: 0.025216834619641304
epoch: 68--------- train_loss: 0.02467201091349125
epoch: 69--------- train_loss: 0.024502035230398178
epoch: 70--------- train_loss: 0.02441718988120556
epoch: 71--------- train_loss: 0.02442268654704094
epoch: 72--------- train_loss: 0.02435329742729664
epoch: 73--------- train_loss: 0.02444266900420189
epoch: 74--------- train_loss: 0.024276960641145706
epoch: 75--------- train_loss: 0.02438902109861374
epoch: 76--------- train_loss: 0.023802442476153374
epoch: 77--------- train_loss: 0.024155935272574425
epoch: 78--------- train_loss: 0.023829810321331024
epoch: 79--------- train_loss: 0.02363011986017227
epoch: 80--------- train_loss: 0.023845810443162918
epoch: 81--------- train_loss: 0.02385110966861248
epoch: 82--------- train_loss: 0.023491643369197845
epoch: 83--------- train_loss: 0.023884303867816925
epoch: 84--------- train_loss: 0.02336881309747696
epoch: 85--------- train_loss: 0.02363421395421028
epoch: 86--------- train_loss: 0.023407166823744774
epoch: 87--------- train_loss: 0.023625962436199188
epoch: 88--------- train_loss: 0.023488804697990417
epoch: 89--------- train_loss: 0.023224925622344017
epoch: 90--------- train_loss: 0.023217331618070602
epoch: 91--------- train_loss: 0.023235341534018517
epoch: 92--------- train_loss: 0.02288655936717987
epoch: 93--------- train_loss: 0.02323068119585514
epoch: 94--------- train_loss: 0.023455791175365448
epoch: 95--------- train_loss: 0.023271912708878517
epoch: 96--------- train_loss: 0.023484844714403152
epoch: 97--------- train_loss: 0.023457951843738556
epoch: 98--------- train_loss: 0.02313835173845291
epoch: 99--------- train_loss: 0.023396845906972885
epoch: 100--------- train_loss: 0.023223787546157837
epoch: 101--------- train_loss: 0.023365601897239685
epoch: 102--------- train_loss: 0.023518092930316925
epoch: 103--------- train_loss: 0.023049714043736458
epoch: 104--------- train_loss: 0.024099605157971382
epoch: 105--------- train_loss: 0.02310846373438835
epoch: 106--------- train_loss: 0.023750782012939453
epoch: 107--------- train_loss: 0.02299305982887745
epoch: 108--------- train_loss: 0.023821160197257996
epoch: 109--------- train_loss: 0.023365896195173264
epoch: 110--------- train_loss: 0.023067401722073555
epoch: 111--------- train_loss: 0.02291114255785942
epoch: 112--------- train_loss: 0.023204568773508072
epoch: 113--------- train_loss: 0.022980671375989914
epoch: 114--------- train_loss: 0.022358153015375137
epoch: 115--------- train_loss: 0.023496299982070923
epoch: 116--------- train_loss: 0.022947747260332108
epoch: 117--------- train_loss: 0.02260628156363964
epoch: 118--------- train_loss: 0.023235607892274857
epoch: 119--------- train_loss: 0.02259821631014347
epoch: 120--------- train_loss: 0.02382701262831688
epoch: 121--------- train_loss: 0.022743171080946922
epoch: 122--------- train_loss: 0.022887540981173515
epoch: 123--------- train_loss: 0.022934094071388245
epoch: 124--------- train_loss: 0.022310856729745865
epoch: 125--------- train_loss: 0.022821104153990746
epoch: 126--------- train_loss: 0.02266363799571991
epoch: 127--------- train_loss: 0.022677959874272346
epoch: 128--------- train_loss: 0.02257649041712284
epoch: 129--------- train_loss: 0.02327382192015648
epoch: 130--------- train_loss: 0.022935837507247925
epoch: 131--------- train_loss: 0.022410321980714798
epoch: 132--------- train_loss: 0.022739382460713387
epoch: 133--------- train_loss: 0.023087507113814354
epoch: 134--------- train_loss: 0.02319653145968914
epoch: 135--------- train_loss: 0.022860541939735413
epoch: 136--------- train_loss: 0.022836731746792793
epoch: 137--------- train_loss: 0.023015817627310753
epoch: 138--------- train_loss: 0.023071622475981712
epoch: 139--------- train_loss: 0.023352697491645813
epoch: 140--------- train_loss: 0.022933272644877434
epoch: 141--------- train_loss: 0.02337334305047989
epoch: 142--------- train_loss: 0.02289530821144581
epoch: 143--------- train_loss: 0.023392876610159874
epoch: 144--------- train_loss: 0.023323556408286095
epoch: 145--------- train_loss: 0.023364607244729996
epoch: 146--------- train_loss: 0.023289386183023453
epoch: 147--------- train_loss: 0.023462338373064995
epoch: 148--------- train_loss: 0.02419218420982361
epoch: 149--------- train_loss: 0.022992506623268127
epoch: 150--------- train_loss: 0.024093808606266975
epoch: 151--------- train_loss: 0.023350480943918228
epoch: 152--------- train_loss: 0.023746579885482788
epoch: 153--------- train_loss: 0.023798584938049316
epoch: 154--------- train_loss: 0.023769976571202278
epoch: 155--------- train_loss: 0.023803995922207832
epoch: 156--------- train_loss: 0.023211706429719925
epoch: 157--------- train_loss: 0.024137934669852257
epoch: 158--------- train_loss: 0.02341512404382229
epoch: 159--------- train_loss: 0.023278919979929924
epoch: 160--------- train_loss: 0.023461196571588516
epoch: 161--------- train_loss: 0.02355147898197174
epoch: 162--------- train_loss: 0.023858727887272835
epoch: 163--------- train_loss: 0.023049479350447655
epoch: 164--------- train_loss: 0.023679200559854507
epoch: 165--------- train_loss: 0.02335616946220398
epoch: 166--------- train_loss: 0.023628264665603638
epoch: 167--------- train_loss: 0.024064023047685623
epoch: 168--------- train_loss: 0.0240002628415823
epoch: 169--------- train_loss: 0.0234756451100111
epoch: 170--------- train_loss: 0.024118654429912567
epoch: 171--------- train_loss: 0.02341235987842083
epoch: 172--------- train_loss: 0.024037305265665054
epoch: 173--------- train_loss: 0.023857375606894493
epoch: 174--------- train_loss: 0.02361869066953659
epoch: 175--------- train_loss: 0.02345884032547474
epoch: 176--------- train_loss: 0.023641377687454224
epoch: 177--------- train_loss: 0.023654192686080933
epoch: 178--------- train_loss: 0.023790795356035233
epoch: 179--------- train_loss: 0.023993851616978645
epoch: 180--------- train_loss: 0.023919999599456787
epoch: 181--------- train_loss: 0.0242074653506279
epoch: 182--------- train_loss: 0.0235750749707222
epoch: 183--------- train_loss: 0.023772135376930237
epoch: 184--------- train_loss: 0.02320513129234314
epoch: 185--------- train_loss: 0.023325923830270767
epoch: 186--------- train_loss: 0.024473898112773895
epoch: 187--------- train_loss: 0.023494016379117966
epoch: 188--------- train_loss: 0.023979518562555313
epoch: 189--------- train_loss: 0.024703940376639366
epoch: 190--------- train_loss: 0.023739369586110115
epoch: 191--------- train_loss: 0.02443762682378292
epoch: 192--------- train_loss: 0.025001952424645424
epoch: 193--------- train_loss: 0.024230238050222397
epoch: 194--------- train_loss: 0.024813944473862648
epoch: 195--------- train_loss: 0.02443692833185196
epoch: 196--------- train_loss: 0.023952409625053406
epoch: 197--------- train_loss: 0.02481570653617382
epoch: 198--------- train_loss: 0.024078616872429848
epoch: 199--------- train_loss: 0.02568570151925087
epoch: 0--------- train_loss: 177.3486328125
epoch: 1--------- train_loss: 155.49154663085938
epoch: 2--------- train_loss: 135.4675750732422
epoch: 3--------- train_loss: 116.89753723144531
epoch: 4--------- train_loss: 99.76519012451172
epoch: 5--------- train_loss: 84.01082611083984
epoch: 6--------- train_loss: 69.6373291015625
epoch: 7--------- train_loss: 56.62678527832031
epoch: 8--------- train_loss: 44.97172164916992
epoch: 9--------- train_loss: 34.67475891113281
epoch: 10--------- train_loss: 25.73265838623047
epoch: 11--------- train_loss: 18.147401809692383
epoch: 12--------- train_loss: 11.917287826538086
epoch: 13--------- train_loss: 7.040097713470459
epoch: 14--------- train_loss: 3.4969615936279297
epoch: 15--------- train_loss: 1.266040563583374
epoch: 16--------- train_loss: 0.25176355242729187
epoch: 17--------- train_loss: 0.0427137054502964
epoch: 18--------- train_loss: 0.03645819425582886
epoch: 19--------- train_loss: 0.03406687080860138
epoch: 20--------- train_loss: 0.03285747393965721
epoch: 21--------- train_loss: 0.03184698149561882
epoch: 22--------- train_loss: 0.0311281755566597
epoch: 23--------- train_loss: 0.030486688017845154
epoch: 24--------- train_loss: 0.029802395030856133
epoch: 25--------- train_loss: 0.029344558715820312
epoch: 26--------- train_loss: 0.029209263622760773
epoch: 27--------- train_loss: 0.029107514768838882
epoch: 28--------- train_loss: 0.02887636423110962
epoch: 29--------- train_loss: 0.028791911900043488
epoch: 30--------- train_loss: 0.02841372787952423
epoch: 31--------- train_loss: 0.028231527656316757
epoch: 32--------- train_loss: 0.027950173243880272
epoch: 33--------- train_loss: 0.02779596857726574
epoch: 34--------- train_loss: 0.02768702246248722
epoch: 35--------- train_loss: 0.027584154158830643
epoch: 36--------- train_loss: 0.0274678785353899
epoch: 37--------- train_loss: 0.027447639033198357
epoch: 38--------- train_loss: 0.027293039485812187
epoch: 39--------- train_loss: 0.02722574584186077
epoch: 40--------- train_loss: 0.027096206322312355
epoch: 41--------- train_loss: 0.02707800641655922
epoch: 42--------- train_loss: 0.026925813406705856
epoch: 43--------- train_loss: 0.026854991912841797
epoch: 44--------- train_loss: 0.02679123543202877
epoch: 45--------- train_loss: 0.026727810502052307
epoch: 46--------- train_loss: 0.02673160471022129
epoch: 47--------- train_loss: 0.0267082080245018
epoch: 48--------- train_loss: 0.02665102668106556
epoch: 49--------- train_loss: 0.026657063513994217
epoch: 50--------- train_loss: 0.026801330968737602
epoch: 51--------- train_loss: 0.02679108828306198
epoch: 52--------- train_loss: 0.02689175307750702
epoch: 53--------- train_loss: 0.0269598588347435
epoch: 54--------- train_loss: 0.027032824233174324
epoch: 55--------- train_loss: 0.027039311826229095
epoch: 56--------- train_loss: 0.02714955061674118
epoch: 57--------- train_loss: 0.027046531438827515
epoch: 58--------- train_loss: 0.026981504634022713
epoch: 59--------- train_loss: 0.027038734406232834
epoch: 60--------- train_loss: 0.02712978795170784
epoch: 61--------- train_loss: 0.02723119594156742
epoch: 62--------- train_loss: 0.027308683842420578
epoch: 63--------- train_loss: 0.027223853394389153
epoch: 64--------- train_loss: 0.027348337695002556
epoch: 65--------- train_loss: 0.027124587446451187
epoch: 66--------- train_loss: 0.0272077526897192
epoch: 67--------- train_loss: 0.02722266875207424
epoch: 68--------- train_loss: 0.027125222608447075
epoch: 69--------- train_loss: 0.027206135913729668
epoch: 70--------- train_loss: 0.027184732258319855
epoch: 71--------- train_loss: 0.027354806661605835
epoch: 72--------- train_loss: 0.027227258309721947
epoch: 73--------- train_loss: 0.027126945555210114
epoch: 74--------- train_loss: 0.027303077280521393
epoch: 75--------- train_loss: 0.027394041419029236
epoch: 76--------- train_loss: 0.027326304465532303
epoch: 77--------- train_loss: 0.02741278149187565
epoch: 78--------- train_loss: 0.027363767847418785
epoch: 79--------- train_loss: 0.027447117492556572
epoch: 80--------- train_loss: 0.027389023452997208
epoch: 81--------- train_loss: 0.02733009122312069
epoch: 82--------- train_loss: 0.027351558208465576
epoch: 83--------- train_loss: 0.027443664148449898
epoch: 84--------- train_loss: 0.027560420334339142
epoch: 85--------- train_loss: 0.02777043543756008
epoch: 86--------- train_loss: 0.02778766117990017
epoch: 87--------- train_loss: 0.02801954373717308
epoch: 88--------- train_loss: 0.02797703817486763
epoch: 89--------- train_loss: 0.027983123436570168
epoch: 90--------- train_loss: 0.028238961473107338
epoch: 91--------- train_loss: 0.02825312875211239
epoch: 92--------- train_loss: 0.028189681470394135
epoch: 93--------- train_loss: 0.028171032667160034
epoch: 94--------- train_loss: 0.028291398659348488
epoch: 95--------- train_loss: 0.028369802981615067
epoch: 96--------- train_loss: 0.028647053986787796
epoch: 97--------- train_loss: 0.028548719361424446
epoch: 98--------- train_loss: 0.02842787466943264
epoch: 99--------- train_loss: 0.028892822563648224
epoch: 100--------- train_loss: 0.028543798252940178
epoch: 101--------- train_loss: 0.02883996069431305
epoch: 102--------- train_loss: 0.028727000579237938
epoch: 103--------- train_loss: 0.02920077182352543
epoch: 104--------- train_loss: 0.02857140451669693
epoch: 105--------- train_loss: 0.02972506731748581
epoch: 106--------- train_loss: 0.028306882828474045
epoch: 107--------- train_loss: 0.0301063135266304
epoch: 108--------- train_loss: 0.028717676177620888
epoch: 109--------- train_loss: 0.029065169394016266
epoch: 110--------- train_loss: 0.02964085340499878
epoch: 111--------- train_loss: 0.029955195263028145
epoch: 112--------- train_loss: 0.029615651816129684
epoch: 113--------- train_loss: 0.030685611069202423
epoch: 114--------- train_loss: 0.029741574078798294
epoch: 115--------- train_loss: 0.029941927641630173
epoch: 116--------- train_loss: 0.029402518644928932
epoch: 117--------- train_loss: 0.030111461877822876
epoch: 118--------- train_loss: 0.02960450015962124
epoch: 119--------- train_loss: 0.030550707131624222
epoch: 120--------- train_loss: 0.029966434463858604
epoch: 121--------- train_loss: 0.0313250869512558
epoch: 122--------- train_loss: 0.029653863981366158
epoch: 123--------- train_loss: 0.031802188605070114
epoch: 124--------- train_loss: 0.030060891062021255
epoch: 125--------- train_loss: 0.0318882055580616
epoch: 126--------- train_loss: 0.03250763192772865
epoch: 127--------- train_loss: 0.030193042010068893
epoch: 128--------- train_loss: 0.030082590878009796
epoch: 129--------- train_loss: 0.0310090109705925
epoch: 130--------- train_loss: 0.031703848391771317
epoch: 131--------- train_loss: 0.03144799917936325
epoch: 132--------- train_loss: 0.0328076034784317
epoch: 133--------- train_loss: 0.031840771436691284
epoch: 134--------- train_loss: 0.032799363136291504
epoch: 135--------- train_loss: 0.03102107346057892
epoch: 136--------- train_loss: 0.03495290130376816
epoch: 137--------- train_loss: 0.032562896609306335
epoch: 138--------- train_loss: 0.03498013690114021
epoch: 139--------- train_loss: 0.03459050506353378
epoch: 140--------- train_loss: 0.035878028720617294
epoch: 141--------- train_loss: 0.034547556191682816
epoch: 142--------- train_loss: 0.03689229488372803
epoch: 143--------- train_loss: 0.03461822122335434
epoch: 144--------- train_loss: 0.038266174495220184
epoch: 145--------- train_loss: 0.037113986909389496
epoch: 146--------- train_loss: 0.036143530160188675
epoch: 147--------- train_loss: 0.0384940430521965
epoch: 148--------- train_loss: 0.03505929559469223
epoch: 149--------- train_loss: 0.03892526403069496
epoch: 150--------- train_loss: 0.03833642229437828
epoch: 151--------- train_loss: 0.03696650266647339
epoch: 152--------- train_loss: 0.038376033306121826
epoch: 153--------- train_loss: 0.03615163266658783
epoch: 154--------- train_loss: 0.04002019390463829
epoch: 155--------- train_loss: 0.03537507355213165
epoch: 156--------- train_loss: 0.039867643266916275
epoch: 157--------- train_loss: 0.03550358861684799
epoch: 158--------- train_loss: 0.03835455700755119
epoch: 159--------- train_loss: 0.037243664264678955
epoch: 160--------- train_loss: 0.04747305437922478
epoch: 161--------- train_loss: 0.035213664174079895
epoch: 162--------- train_loss: 0.04407308250665665
epoch: 163--------- train_loss: 0.04466668888926506
epoch: 164--------- train_loss: 0.04273882135748863
epoch: 165--------- train_loss: 0.05057775229215622
epoch: 166--------- train_loss: 0.05378248915076256
epoch: 167--------- train_loss: 0.06181646138429642
epoch: 168--------- train_loss: 0.06440169364213943
epoch: 169--------- train_loss: 0.06450831890106201
epoch: 170--------- train_loss: 0.07078246027231216
epoch: 171--------- train_loss: 0.06406056880950928
epoch: 172--------- train_loss: 0.07409568876028061
epoch: 173--------- train_loss: 0.051540784537792206
epoch: 174--------- train_loss: 0.08859705924987793
epoch: 175--------- train_loss: 0.04967654123902321
epoch: 176--------- train_loss: 0.08148110657930374
epoch: 177--------- train_loss: 0.05345602706074715
epoch: 178--------- train_loss: 0.08363170176744461
epoch: 179--------- train_loss: 0.04253008961677551
epoch: 180--------- train_loss: 0.06016452610492706
epoch: 181--------- train_loss: 0.04398630931973457
epoch: 182--------- train_loss: 0.053526341915130615
epoch: 183--------- train_loss: 0.03897101432085037
epoch: 184--------- train_loss: 0.03958916664123535
epoch: 185--------- train_loss: 0.04081154987215996
epoch: 186--------- train_loss: 0.04390872269868851
epoch: 187--------- train_loss: 0.038672443479299545
epoch: 188--------- train_loss: 0.042447492480278015
epoch: 189--------- train_loss: 0.04327232763171196
epoch: 190--------- train_loss: 0.03546339273452759
epoch: 191--------- train_loss: 0.031295813620090485
epoch: 192--------- train_loss: 0.03882725536823273
epoch: 193--------- train_loss: 0.02723519504070282
epoch: 194--------- train_loss: 0.0323575921356678
epoch: 195--------- train_loss: 0.02744234912097454
epoch: 196--------- train_loss: 0.028926778584718704
epoch: 197--------- train_loss: 0.026793748140335083
epoch: 198--------- train_loss: 0.03566182404756546
epoch: 199--------- train_loss: 0.026947462931275368
[[2.460895876411023, array([2.38706889, 2.53700618])], [0.28838634082298203, array([0.27016748, 0.3078338 ])], [3.6948216165495946, array([3.56828007, 3.82585069])], [2.0464217524704336, array([1.97337106, 2.12217665])]]
