\list 
(1)RYGB
(2)Band
(3)BPD-DS
(4)SADI-S 
relative treatment effect

LinearDML with Random Forest for Death
[[1.668211183263165, array([1.28760361, 2.16132398])], [0.5945875118520089, array([0.39576309, 0.89329782])], [3.7381960507827534, array([2.81960972, 4.95604396])], [5.09292520567111, array([3.89613212, 6.65734281])]]

LinearDML with Random Forest for intervention
[[2.739479362852578, array([2.65792865, 2.82353222])], [1.332272584603971, array([1.2785558 , 1.38824621])], [3.159932420127862, array([3.0495159 , 3.27434689])], [3.8897644321667197, array([3.75865868, 4.02544328])]]

LinearDML with Random Forest for readmission
[[1.9122863564122479, array([1.88091291, 1.94418311])], [1.0309506041270535, array([1.00800362, 1.05441997])], [2.56588375991566, array([2.51815054, 2.6145218 ])], [1.8752625043299715, array([1.83891238, 1.91233116])]]

LinearDML with Random Forest for reoperation
[[2.5552815211824833, array([2.47827013, 2.63468601])], [1.4670941736252856, array([1.40903724, 1.52754324])], [4.1371330074444, array([3.99644267, 4.28277619])], [3.327297735747263, array([3.21322232, 3.44542304])]]

LinearDML with LightGBM for Death
[[1.8140160445368658, array([1.39454651, 2.359659  ])], [0.33545492955783895, array([0.20437438, 0.55060721])], [2.1276037940929267, array([1.57418018, 2.87559071])], [3.861085862697817, array([2.93388219, 5.08131652])]]

LinearDML with LightGBM for intervention
[[2.822679525647965, array([2.73826811, 2.90969305])], [1.0491631529782925, array([1.00461301, 1.0956889 ])], [3.0356754684758873, array([2.92922747, 3.14599179])], [3.633658249754644, array([3.51060296, 3.76102693])]]

LinearDML with LightGBM for readmission
[[1.9297300213854112, array([1.89799861, 1.96199193])], [0.7712411299856006, array([0.75272314, 0.79021469])], [2.3472940180918433, array([2.30312111, 2.39231415])], [1.6631559687683732, array([1.63026507, 1.69671044])]]

LinearDML with LightGBM for reoperation
[[2.5954600121958515, array([2.51684607, 2.67652947])], [1.167961809767401, array([1.11954005, 1.21847788])], [3.9941409772369894, array([3.85814082, 4.13493516])], [2.855606118514201, array([2.75593891, 2.95887775])]]

LinearDML with XGBoost for Death
[[2.0351866670836283, array([1.56131962, 2.65287435])], [0.32341671470756667, array([0.19570473, 0.53447032])], [2.7550216716223885, array([2.05991262, 3.68469242])], [3.8516396008011884, array([2.93013978, 5.06294195])]]

LinearDML with XGBoost for intervention
[[2.8296327790103817, array([2.74497755, 2.91689878])], [1.0488326216444537, array([1.00430435, 1.09533516])], [3.0613067407089214, array([2.95401878, 3.17249132])], [3.6713386861473887, array([3.54733108, 3.79968135])]]

LinearDML with XGBoost for readmission
[[1.9240200028646963, array([1.89239508, 1.95617343])], [0.7772171302101833, array([0.75859525, 0.79629614])], [2.3367906180500326, array([2.29278861, 2.38163709])], [1.6668560539602404, array([1.63393798, 1.70043731])]]

LinearDML with XGBoost for reoperation
[[2.5863447662171417, array([2.5080115 , 2.66712463])], [1.1544986531788064, array([1.10651579, 1.20456224])], [3.9956190084504346, array([3.85961301, 4.13641762])], [2.851418450173979, array([2.7519878 , 2.95444158])]]
