WARNING: Could not find any nv files on this host!
[Parallel(n_jobs=-1)]: Using backend LokyBackend with 28 concurrent workers.
[Parallel(n_jobs=-1)]: Done  72 tasks      | elapsed: 26.1min
[Parallel(n_jobs=-1)]: Done 232 tasks      | elapsed: 77.5min
[Parallel(n_jobs=-1)]: Done 500 out of 500 | elapsed: 155.8min finished
[Parallel(n_jobs=-1)]: Using backend LokyBackend with 28 concurrent workers.
[Parallel(n_jobs=-1)]: Done  72 tasks      | elapsed: 16.4min
[Parallel(n_jobs=-1)]: Done 232 tasks      | elapsed: 48.3min
[Parallel(n_jobs=-1)]: Done 500 out of 500 | elapsed: 97.2min finished
[Parallel(n_jobs=-1)]: Using backend LokyBackend with 28 concurrent workers.
[Parallel(n_jobs=-1)]: Done  72 tasks      | elapsed: 16.1min
[Parallel(n_jobs=-1)]: Done 232 tasks      | elapsed: 47.8min
[Parallel(n_jobs=-1)]: Done 500 out of 500 | elapsed: 96.8min finished
[Parallel(n_jobs=-1)]: Using backend LokyBackend with 28 concurrent workers.
/bin/bash: line 1: 596836 Killed                  python /scratch/jz4721/SCI/EconML/DMLOrthoForest/DMLOrthoForest_Logistic.py
slurmstepd: error: Detected 1 oom_kill event in StepId=45870960.batch. Some of the step tasks have been OOM Killed.
[Parallel(n_jobs=-1)]: Done  72 tasks      | elapsed: 25.8min
[Parallel(n_jobs=-1)]: Done 232 tasks      | elapsed: 77.2min
[Parallel(n_jobs=-1)]: Done 500 out of 500 | elapsed: 155.0min finished
[Parallel(n_jobs=-1)]: Using backend LokyBackend with 28 concurrent workers.
/bin/bash: line 1: 2852010 Killed                  python /scratch/jz4721/SCI/EconML/DMLOrthoForest/DMLOrthoForest_BMI.py
slurmstepd: error: Detected 1 oom_kill event in StepId=45871000.batch. Some of the step tasks have been OOM Killed.
