/opt/slurm/data/slurmd/job31749562/slurm_script: line 12: /venv/bin/activate: No such file or directory
/scratch/jz4721/Observational-Study/venv/lib/python3.8/site-packages/numpy/core/getlimits.py:500: UserWarning: The value of the smallest subnormal for <class 'numpy.float64'> type is zero.
  setattr(self, word, getattr(machar, word).flat[0])
/scratch/jz4721/Observational-Study/venv/lib/python3.8/site-packages/numpy/core/getlimits.py:89: UserWarning: The value of the smallest subnormal for <class 'numpy.float64'> type is zero.
  return self._float_to_str(self.smallest_subnormal)
/scratch/jz4721/Observational-Study/venv/lib/python3.8/site-packages/numpy/core/getlimits.py:500: UserWarning: The value of the smallest subnormal for <class 'numpy.float32'> type is zero.
  setattr(self, word, getattr(machar, word).flat[0])
/scratch/jz4721/Observational-Study/venv/lib/python3.8/site-packages/numpy/core/getlimits.py:89: UserWarning: The value of the smallest subnormal for <class 'numpy.float32'> type is zero.
  return self._float_to_str(self.smallest_subnormal)
\list 
(1)RYGB
(2)Band
(3)BPD-DS
(4)SADI-S 
relative treatment effect

Death
Traceback (most recent call last):
  File "CausalForest_Logistic.py", line 46, in <module>
    main()
  File "CausalForest_Logistic.py", line 19, in main
    mbqip_risk.run_mbqip_risk(est1, PATH + "/data/mbqip/csv/Death")
  File "../../utils/mbqip_risk_rate.py", line 55, in run_mbqip_risk
    y_0, y_1 = get_counterfactual_outcome(est, x, y, t)
  File "../../utils/mbqip_risk_rate.py", line 9, in get_counterfactual_outcome
    y_0 = y - T * cate_pred
NameError: name 'y' is not defined
